2026-03-06 14:50:49.281 INFO  c.g.eventos.demo.ApiApplication - Starting ApiApplication using Java 21.0.8 with PID 63908 (/Volumes/EDER_T7/Datos/DiscoD/Practicas_Proyectos/SpringBoot/GabrielChalduDevtalles/api-eventos/target/classes started by edermontiel in /Volumes/EDER_T7/Datos/DiscoD/Practicas_Proyectos/SpringBoot/GabrielChalduDevtalles/api-eventos)
2026-03-06 14:50:49.282 DEBUG c.g.eventos.demo.ApiApplication - Running with Spring Boot v3.4.3, Spring v6.2.3
2026-03-06 14:50:49.282 INFO  c.g.eventos.demo.ApiApplication - The following 1 profile is active: "dev"
2026-03-06 14:50:49.336 INFO  o.s.d.r.c.RepositoryConfigurationDelegate - Bootstrapping Spring Data JPA repositories in DEFAULT mode.
2026-03-06 14:50:49.354 INFO  o.s.d.r.c.RepositoryConfigurationDelegate - Finished Spring Data repository scanning in 17 ms. Found 5 JPA repository interfaces.
2026-03-06 14:50:49.384 INFO  o.s.b.w.e.tomcat.TomcatWebServer - Tomcat initialized with port 8080 (http)
2026-03-06 14:50:49.384 INFO  o.a.catalina.core.StandardService - Starting service [Tomcat]
2026-03-06 14:50:49.384 INFO  o.a.catalina.core.StandardEngine - Starting Servlet engine: [Apache Tomcat/10.1.36]
2026-03-06 14:50:49.389 INFO  o.a.c.c.C.[Tomcat].[localhost].[/] - Initializing Spring embedded WebApplicationContext
2026-03-06 14:50:49.389 INFO  o.s.b.w.s.c.ServletWebServerApplicationContext - Root WebApplicationContext: initialization completed in 107 ms
2026-03-06 14:50:49.412 INFO  o.h.jpa.internal.util.LogHelper - HHH000204: Processing PersistenceUnitInfo [name: default]
2026-03-06 14:50:49.413 INFO  o.h.c.i.RegionFactoryInitiator - HHH000026: Second-level cache disabled
2026-03-06 14:50:49.416 INFO  o.s.o.j.p.SpringPersistenceUnitInfo - No LoadTimeWeaver setup: ignoring JPA class transformer
2026-03-06 14:50:49.416 INFO  com.zaxxer.hikari.HikariDataSource - HikariPool-3 - Starting...
2026-03-06 14:50:49.424 INFO  com.zaxxer.hikari.pool.HikariPool - HikariPool-3 - Added connection org.postgresql.jdbc.PgConnection@58ee1466
2026-03-06 14:50:49.424 INFO  com.zaxxer.hikari.HikariDataSource - HikariPool-3 - Start completed.
2026-03-06 14:50:49.427 INFO  o.hibernate.orm.connections.pooling - HHH10001005: Database info:
	Database JDBC URL [Connecting through datasource 'HikariDataSource (HikariPool-3)']
	Database driver: undefined/unknown
	Database version: 16.10
	Autocommit mode: undefined/unknown
	Isolation level: undefined/unknown
	Minimum pool size: undefined/unknown
	Maximum pool size: undefined/unknown
2026-03-06 14:50:49.460 INFO  o.h.e.t.j.p.i.JtaPlatformInitiator - HHH000489: No JTA platform available (set 'hibernate.transaction.jta.platform' to enable JTA platform integration)
2026-03-06 14:50:49.589 INFO  o.s.o.j.LocalContainerEntityManagerFactoryBean - Initialized JPA EntityManagerFactory for persistence unit 'default'
2026-03-06 14:50:49.608 DEBUG c.g.e.d.s.j.JwtAuthenticationFilter - Filter 'jwtAuthenticationFilter' configured for use
2026-03-06 14:50:49.646 INFO  o.s.s.c.a.a.c.InitializeUserDetailsBeanManagerConfigurer$InitializeUserDetailsManagerConfigurer - Global AuthenticationManager configured with UserDetailsService bean with name userDetailsServiceImpl
2026-03-06 14:50:49.655 WARN  o.s.b.a.o.j.JpaBaseConfiguration$JpaWebConfiguration - spring.jpa.open-in-view is enabled by default. Therefore, database queries may be performed during view rendering. Explicitly configure spring.jpa.open-in-view to disable this warning
2026-03-06 14:50:49.700 INFO  o.s.b.a.h.H2ConsoleAutoConfiguration - H2 console available at '/h2-console'. Database available at 'jdbc:postgresql://localhost:5432/api_eventos'
2026-03-06 14:50:49.707 INFO  o.s.b.d.a.OptionalLiveReloadServer - LiveReload server is running on port 35729
2026-03-06 14:50:49.709 INFO  o.s.b.w.e.tomcat.TomcatWebServer - Tomcat started on port 8080 (http) with context path '/'
2026-03-06 14:50:49.710 INFO  c.g.eventos.demo.ApiApplication - Started ApiApplication in 0.482 seconds (process running for 593.885)
2026-03-06 14:50:49.725 INFO  o.s.b.d.a.ConditionEvaluationDeltaLoggingListener - Condition evaluation unchanged
2026-03-06 14:51:19.669 INFO  o.s.b.d.a.LocalDevToolsAutoConfiguration$RestartingClassPathChangeChangedEventListener - Restarting due to 2 class path changes (0 additions, 0 deletions, 2 modifications)
2026-03-06 14:51:19.671 INFO  o.s.b.w.e.tomcat.GracefulShutdown - Commencing graceful shutdown. Waiting for active requests to complete
2026-03-06 14:51:19.673 INFO  o.s.b.w.e.tomcat.GracefulShutdown - Graceful shutdown complete
2026-03-06 14:51:19.675 INFO  o.s.o.j.LocalContainerEntityManagerFactoryBean - Closing JPA EntityManagerFactory for persistence unit 'default'
2026-03-06 14:51:19.676 INFO  com.zaxxer.hikari.HikariDataSource - HikariPool-3 - Shutdown initiated...
2026-03-06 14:51:19.678 INFO  com.zaxxer.hikari.HikariDataSource - HikariPool-3 - Shutdown completed.
2026-03-06 14:51:19.731 INFO  c.g.eventos.demo.ApiApplication - Starting ApiApplication using Java 21.0.8 with PID 63908 (/Volumes/EDER_T7/Datos/DiscoD/Practicas_Proyectos/SpringBoot/GabrielChalduDevtalles/api-eventos/target/classes started by edermontiel in /Volumes/EDER_T7/Datos/DiscoD/Practicas_Proyectos/SpringBoot/GabrielChalduDevtalles/api-eventos)
2026-03-06 14:51:19.731 DEBUG c.g.eventos.demo.ApiApplication - Running with Spring Boot v3.4.3, Spring v6.2.3
2026-03-06 14:51:19.731 INFO  c.g.eventos.demo.ApiApplication - The following 1 profile is active: "dev"
2026-03-06 14:51:19.786 INFO  o.s.d.r.c.RepositoryConfigurationDelegate - Bootstrapping Spring Data JPA repositories in DEFAULT mode.
2026-03-06 14:51:19.800 INFO  o.s.d.r.c.RepositoryConfigurationDelegate - Finished Spring Data repository scanning in 14 ms. Found 5 JPA repository interfaces.
2026-03-06 14:51:19.824 INFO  o.s.b.w.e.tomcat.TomcatWebServer - Tomcat initialized with port 8080 (http)
2026-03-06 14:51:19.824 INFO  o.a.catalina.core.StandardService - Starting service [Tomcat]
2026-03-06 14:51:19.824 INFO  o.a.catalina.core.StandardEngine - Starting Servlet engine: [Apache Tomcat/10.1.36]
2026-03-06 14:51:19.829 INFO  o.a.c.c.C.[Tomcat].[localhost].[/] - Initializing Spring embedded WebApplicationContext
2026-03-06 14:51:19.829 INFO  o.s.b.w.s.c.ServletWebServerApplicationContext - Root WebApplicationContext: initialization completed in 97 ms
2026-03-06 14:51:19.848 INFO  o.h.jpa.internal.util.LogHelper - HHH000204: Processing PersistenceUnitInfo [name: default]
2026-03-06 14:51:19.850 INFO  o.h.c.i.RegionFactoryInitiator - HHH000026: Second-level cache disabled
2026-03-06 14:51:19.852 INFO  o.s.o.j.p.SpringPersistenceUnitInfo - No LoadTimeWeaver setup: ignoring JPA class transformer
2026-03-06 14:51:19.853 INFO  com.zaxxer.hikari.HikariDataSource - HikariPool-4 - Starting...
2026-03-06 14:51:19.869 INFO  com.zaxxer.hikari.pool.HikariPool - HikariPool-4 - Added connection org.postgresql.jdbc.PgConnection@b058c25
2026-03-06 14:51:19.869 INFO  com.zaxxer.hikari.HikariDataSource - HikariPool-4 - Start completed.
2026-03-06 14:51:19.871 INFO  o.hibernate.orm.connections.pooling - HHH10001005: Database info:
	Database JDBC URL [Connecting through datasource 'HikariDataSource (HikariPool-4)']
	Database driver: undefined/unknown
	Database version: 16.10
	Autocommit mode: undefined/unknown
	Isolation level: undefined/unknown
	Minimum pool size: undefined/unknown
	Maximum pool size: undefined/unknown
2026-03-06 14:51:19.902 INFO  o.h.e.t.j.p.i.JtaPlatformInitiator - HHH000489: No JTA platform available (set 'hibernate.transaction.jta.platform' to enable JTA platform integration)
2026-03-06 14:51:20.015 INFO  o.s.o.j.LocalContainerEntityManagerFactoryBean - Initialized JPA EntityManagerFactory for persistence unit 'default'
2026-03-06 14:51:20.033 DEBUG c.g.e.d.s.j.JwtAuthenticationFilter - Filter 'jwtAuthenticationFilter' configured for use
2026-03-06 14:51:20.067 INFO  o.s.s.c.a.a.c.InitializeUserDetailsBeanManagerConfigurer$InitializeUserDetailsManagerConfigurer - Global AuthenticationManager configured with UserDetailsService bean with name userDetailsServiceImpl
2026-03-06 14:51:20.077 WARN  o.s.b.a.o.j.JpaBaseConfiguration$JpaWebConfiguration - spring.jpa.open-in-view is enabled by default. Therefore, database queries may be performed during view rendering. Explicitly configure spring.jpa.open-in-view to disable this warning
2026-03-06 14:51:20.123 INFO  o.s.b.a.h.H2ConsoleAutoConfiguration - H2 console available at '/h2-console'. Database available at 'jdbc:postgresql://localhost:5432/api_eventos'
2026-03-06 14:51:20.129 INFO  o.s.b.d.a.OptionalLiveReloadServer - LiveReload server is running on port 35729
2026-03-06 14:51:20.132 INFO  o.s.b.w.e.tomcat.TomcatWebServer - Tomcat started on port 8080 (http) with context path '/'
2026-03-06 14:51:20.133 INFO  c.g.eventos.demo.ApiApplication - Started ApiApplication in 0.417 seconds (process running for 624.307)
2026-03-06 14:51:20.147 INFO  o.s.b.d.a.ConditionEvaluationDeltaLoggingListener - Condition evaluation unchanged
2026-03-06 14:54:34.308 INFO  o.s.b.d.a.LocalDevToolsAutoConfiguration$RestartingClassPathChangeChangedEventListener - Restarting due to 4 class path changes (3 additions, 1 deletion, 0 modifications)
2026-03-06 14:54:34.309 INFO  o.s.b.w.e.tomcat.GracefulShutdown - Commencing graceful shutdown. Waiting for active requests to complete
2026-03-06 14:54:34.310 INFO  o.s.b.w.e.tomcat.GracefulShutdown - Graceful shutdown complete
2026-03-06 14:54:34.311 INFO  o.s.o.j.LocalContainerEntityManagerFactoryBean - Closing JPA EntityManagerFactory for persistence unit 'default'
2026-03-06 14:54:34.311 INFO  com.zaxxer.hikari.HikariDataSource - HikariPool-4 - Shutdown initiated...
2026-03-06 14:54:34.312 INFO  com.zaxxer.hikari.HikariDataSource - HikariPool-4 - Shutdown completed.
2026-03-06 14:54:34.356 INFO  c.g.eventos.demo.ApiApplication - Starting ApiApplication using Java 21.0.8 with PID 63908 (/Volumes/EDER_T7/Datos/DiscoD/Practicas_Proyectos/SpringBoot/GabrielChalduDevtalles/api-eventos/target/classes started by edermontiel in /Volumes/EDER_T7/Datos/DiscoD/Practicas_Proyectos/SpringBoot/GabrielChalduDevtalles/api-eventos)
2026-03-06 14:54:34.356 DEBUG c.g.eventos.demo.ApiApplication - Running with Spring Boot v3.4.3, Spring v6.2.3
2026-03-06 14:54:34.356 INFO  c.g.eventos.demo.ApiApplication - The following 1 profile is active: "dev"
2026-03-06 14:54:34.410 INFO  o.s.d.r.c.RepositoryConfigurationDelegate - Bootstrapping Spring Data JPA repositories in DEFAULT mode.
2026-03-06 14:54:34.425 INFO  o.s.d.r.c.RepositoryConfigurationDelegate - Finished Spring Data repository scanning in 14 ms. Found 5 JPA repository interfaces.
2026-03-06 14:54:34.450 INFO  o.s.b.w.e.tomcat.TomcatWebServer - Tomcat initialized with port 8080 (http)
2026-03-06 14:54:34.450 INFO  o.a.catalina.core.StandardService - Starting service [Tomcat]
2026-03-06 14:54:34.450 INFO  o.a.catalina.core.StandardEngine - Starting Servlet engine: [Apache Tomcat/10.1.36]
2026-03-06 14:54:34.454 INFO  o.a.c.c.C.[Tomcat].[localhost].[/] - Initializing Spring embedded WebApplicationContext
2026-03-06 14:54:34.454 INFO  o.s.b.w.s.c.ServletWebServerApplicationContext - Root WebApplicationContext: initialization completed in 98 ms
2026-03-06 14:54:34.473 INFO  o.h.jpa.internal.util.LogHelper - HHH000204: Processing PersistenceUnitInfo [name: default]
2026-03-06 14:54:34.474 INFO  o.h.c.i.RegionFactoryInitiator - HHH000026: Second-level cache disabled
2026-03-06 14:54:34.476 INFO  o.s.o.j.p.SpringPersistenceUnitInfo - No LoadTimeWeaver setup: ignoring JPA class transformer
2026-03-06 14:54:34.476 INFO  com.zaxxer.hikari.HikariDataSource - HikariPool-5 - Starting...
2026-03-06 14:54:34.486 INFO  com.zaxxer.hikari.pool.HikariPool - HikariPool-5 - Added connection org.postgresql.jdbc.PgConnection@32ed702
2026-03-06 14:54:34.486 INFO  com.zaxxer.hikari.HikariDataSource - HikariPool-5 - Start completed.
2026-03-06 14:54:34.489 INFO  o.hibernate.orm.connections.pooling - HHH10001005: Database info:
	Database JDBC URL [Connecting through datasource 'HikariDataSource (HikariPool-5)']
	Database driver: undefined/unknown
	Database version: 16.10
	Autocommit mode: undefined/unknown
	Isolation level: undefined/unknown
	Minimum pool size: undefined/unknown
	Maximum pool size: undefined/unknown
2026-03-06 14:54:34.520 INFO  o.h.e.t.j.p.i.JtaPlatformInitiator - HHH000489: No JTA platform available (set 'hibernate.transaction.jta.platform' to enable JTA platform integration)
2026-03-06 14:54:34.653 INFO  o.s.o.j.LocalContainerEntityManagerFactoryBean - Initialized JPA EntityManagerFactory for persistence unit 'default'
2026-03-06 14:54:34.672 DEBUG c.g.e.d.s.j.JwtAuthenticationFilter - Filter 'jwtAuthenticationFilter' configured for use
2026-03-06 14:54:34.686 WARN  o.s.b.w.s.c.AnnotationConfigServletWebServerApplicationContext - Exception encountered during context initialization - cancelling refresh attempt: org.springframework.beans.factory.UnsatisfiedDependencyException: Error creating bean with name 'eventController' defined in file [/Volumes/EDER_T7/Datos/DiscoD/Practicas_Proyectos/SpringBoot/GabrielChalduDevtalles/api-eventos/target/classes/com/gestion/eventos/demo/controller/EventController.class]: Unsatisfied dependency expressed through constructor parameter 0: No qualifying bean of type 'com.gestion.eventos.demo.service.IEventService' available: expected at least 1 bean which qualifies as autowire candidate. Dependency annotations: {}
2026-03-06 14:54:34.687 INFO  o.s.o.j.LocalContainerEntityManagerFactoryBean - Closing JPA EntityManagerFactory for persistence unit 'default'
2026-03-06 14:54:34.687 INFO  com.zaxxer.hikari.HikariDataSource - HikariPool-5 - Shutdown initiated...
2026-03-06 14:54:34.704 INFO  com.zaxxer.hikari.HikariDataSource - HikariPool-5 - Shutdown completed.
2026-03-06 14:54:34.705 INFO  o.a.catalina.core.StandardService - Stopping service [Tomcat]
2026-03-06 14:54:34.708 INFO  o.s.b.a.l.ConditionEvaluationReportLogger - 

Error starting ApplicationContext. To display the condition evaluation report re-run your application with 'debug' enabled.
2026-03-06 14:54:34.712 ERROR o.s.b.d.LoggingFailureAnalysisReporter - 

***************************
APPLICATION FAILED TO START
***************************

Description:

Parameter 0 of constructor in com.gestion.eventos.demo.controller.EventController required a bean of type 'com.gestion.eventos.demo.service.IEventService' that could not be found.


Action:

Consider defining a bean of type 'com.gestion.eventos.demo.service.IEventService' in your configuration.

2026-03-06 14:54:37.193 INFO  c.g.eventos.demo.ApiApplication - Starting ApiApplication using Java 21.0.8 with PID 63908 (/Volumes/EDER_T7/Datos/DiscoD/Practicas_Proyectos/SpringBoot/GabrielChalduDevtalles/api-eventos/target/classes started by edermontiel in /Volumes/EDER_T7/Datos/DiscoD/Practicas_Proyectos/SpringBoot/GabrielChalduDevtalles/api-eventos)
2026-03-06 14:54:37.193 DEBUG c.g.eventos.demo.ApiApplication - Running with Spring Boot v3.4.3, Spring v6.2.3
2026-03-06 14:54:37.193 INFO  c.g.eventos.demo.ApiApplication - The following 1 profile is active: "dev"
2026-03-06 14:54:37.205 WARN  o.s.b.w.s.c.AnnotationConfigServletWebServerApplicationContext - Exception encountered during context initialization - cancelling refresh attempt: org.springframework.beans.factory.BeanDefinitionStoreException: Incompatible class format in file [/Volumes/EDER_T7/Datos/DiscoD/Practicas_Proyectos/SpringBoot/GabrielChalduDevtalles/api-eventos/target/classes/com/gestion/eventos/demo/service/._EventService.class]: set system property 'spring.classformat.ignore' to 'true' if you mean to ignore such files during classpath scanning
2026-03-06 14:54:37.206 ERROR o.s.boot.SpringApplication - Application run failed
org.springframework.beans.factory.BeanDefinitionStoreException: Incompatible class format in file [/Volumes/EDER_T7/Datos/DiscoD/Practicas_Proyectos/SpringBoot/GabrielChalduDevtalles/api-eventos/target/classes/com/gestion/eventos/demo/service/._EventService.class]: set system property 'spring.classformat.ignore' to 'true' if you mean to ignore such files during classpath scanning
	at org.springframework.context.annotation.ClassPathScanningCandidateComponentProvider.scanCandidateComponents(ClassPathScanningCandidateComponentProvider.java:504)
	at org.springframework.context.annotation.ClassPathScanningCandidateComponentProvider.findCandidateComponents(ClassPathScanningCandidateComponentProvider.java:351)
	at org.springframework.context.annotation.ClassPathBeanDefinitionScanner.doScan(ClassPathBeanDefinitionScanner.java:277)
	at org.springframework.context.annotation.ComponentScanAnnotationParser.parse(ComponentScanAnnotationParser.java:128)
	at org.springframework.context.annotation.ConfigurationClassParser.doProcessConfigurationClass(ConfigurationClassParser.java:332)
	at org.springframework.context.annotation.ConfigurationClassParser.processConfigurationClass(ConfigurationClassParser.java:267)
	at org.springframework.context.annotation.ConfigurationClassParser.parse(ConfigurationClassParser.java:193)
	at org.springframework.context.annotation.ConfigurationClassParser.parse(ConfigurationClassParser.java:171)
	at org.springframework.context.annotation.ConfigurationClassPostProcessor.processConfigBeanDefinitions(ConfigurationClassPostProcessor.java:418)
	at org.springframework.context.annotation.ConfigurationClassPostProcessor.postProcessBeanDefinitionRegistry(ConfigurationClassPostProcessor.java:290)
	at org.springframework.context.support.PostProcessorRegistrationDelegate.invokeBeanDefinitionRegistryPostProcessors(PostProcessorRegistrationDelegate.java:349)
	at org.springframework.context.support.PostProcessorRegistrationDelegate.invokeBeanFactoryPostProcessors(PostProcessorRegistrationDelegate.java:118)
	at org.springframework.context.support.AbstractApplicationContext.invokeBeanFactoryPostProcessors(AbstractApplicationContext.java:791)
	at org.springframework.context.support.AbstractApplicationContext.refresh(AbstractApplicationContext.java:609)
	at org.springframework.boot.web.servlet.context.ServletWebServerApplicationContext.refresh(ServletWebServerApplicationContext.java:146)
	at org.springframework.boot.SpringApplication.refresh(SpringApplication.java:752)
	at org.springframework.boot.SpringApplication.refreshContext(SpringApplication.java:439)
	at org.springframework.boot.SpringApplication.run(SpringApplication.java:318)
	at org.springframework.boot.SpringApplication.run(SpringApplication.java:1361)
	at org.springframework.boot.SpringApplication.run(SpringApplication.java:1350)
	at com.gestion.eventos.demo.ApiApplication.main(ApiApplication.java:10)
	at java.base/jdk.internal.reflect.DirectMethodHandleAccessor.invoke(DirectMethodHandleAccessor.java:103)
	at java.base/java.lang.reflect.Method.invoke(Method.java:580)
	at org.springframework.boot.devtools.restart.RestartLauncher.run(RestartLauncher.java:50)
Caused by: org.springframework.core.type.classreading.ClassFormatException: ASM ClassReader failed to parse class file - probably due to a new Java class file version that is not supported yet. Consider compiling with a lower '-target' or upgrade your framework version. Affected class: file [/Volumes/EDER_T7/Datos/DiscoD/Practicas_Proyectos/SpringBoot/GabrielChalduDevtalles/api-eventos/target/classes/com/gestion/eventos/demo/service/._EventService.class]
	at org.springframework.core.type.classreading.SimpleMetadataReader.getClassReader(SimpleMetadataReader.java:59)
	at org.springframework.core.type.classreading.SimpleMetadataReader.<init>(SimpleMetadataReader.java:48)
	at org.springframework.core.type.classreading.SimpleMetadataReaderFactory.getMetadataReader(SimpleMetadataReaderFactory.java:103)
	at org.springframework.core.type.classreading.CachingMetadataReaderFactory.getMetadataReader(CachingMetadataReaderFactory.java:122)
	at org.springframework.context.annotation.ClassPathScanningCandidateComponentProvider.scanCandidateComponents(ClassPathScanningCandidateComponentProvider.java:470)
	... 23 common frames omitted
Caused by: java.lang.IllegalArgumentException: null
	at org.springframework.asm.ClassReader.<init>(ClassReader.java:263)
	at org.springframework.asm.ClassReader.<init>(ClassReader.java:180)
	at org.springframework.asm.ClassReader.<init>(ClassReader.java:166)
	at org.springframework.asm.ClassReader.<init>(ClassReader.java:288)
	at org.springframework.core.type.classreading.SimpleMetadataReader.getClassReader(SimpleMetadataReader.java:56)
	... 27 common frames omitted
2026-03-06 14:54:52.921 INFO  c.g.eventos.demo.ApiApplication - Starting ApiApplication using Java 21.0.8 with PID 63908 (/Volumes/EDER_T7/Datos/DiscoD/Practicas_Proyectos/SpringBoot/GabrielChalduDevtalles/api-eventos/target/classes started by edermontiel in /Volumes/EDER_T7/Datos/DiscoD/Practicas_Proyectos/SpringBoot/GabrielChalduDevtalles/api-eventos)
2026-03-06 14:54:52.921 DEBUG c.g.eventos.demo.ApiApplication - Running with Spring Boot v3.4.3, Spring v6.2.3
2026-03-06 14:54:52.921 INFO  c.g.eventos.demo.ApiApplication - The following 1 profile is active: "dev"
2026-03-06 14:54:52.933 WARN  o.s.b.w.s.c.AnnotationConfigServletWebServerApplicationContext - Exception encountered during context initialization - cancelling refresh attempt: org.springframework.beans.factory.BeanDefinitionStoreException: Incompatible class format in file [/Volumes/EDER_T7/Datos/DiscoD/Practicas_Proyectos/SpringBoot/GabrielChalduDevtalles/api-eventos/target/classes/com/gestion/eventos/demo/service/._EventService.class]: set system property 'spring.classformat.ignore' to 'true' if you mean to ignore such files during classpath scanning
2026-03-06 14:54:52.934 ERROR o.s.boot.SpringApplication - Application run failed
org.springframework.beans.factory.BeanDefinitionStoreException: Incompatible class format in file [/Volumes/EDER_T7/Datos/DiscoD/Practicas_Proyectos/SpringBoot/GabrielChalduDevtalles/api-eventos/target/classes/com/gestion/eventos/demo/service/._EventService.class]: set system property 'spring.classformat.ignore' to 'true' if you mean to ignore such files during classpath scanning
	at org.springframework.context.annotation.ClassPathScanningCandidateComponentProvider.scanCandidateComponents(ClassPathScanningCandidateComponentProvider.java:504)
	at org.springframework.context.annotation.ClassPathScanningCandidateComponentProvider.findCandidateComponents(ClassPathScanningCandidateComponentProvider.java:351)
	at org.springframework.context.annotation.ClassPathBeanDefinitionScanner.doScan(ClassPathBeanDefinitionScanner.java:277)
	at org.springframework.context.annotation.ComponentScanAnnotationParser.parse(ComponentScanAnnotationParser.java:128)
	at org.springframework.context.annotation.ConfigurationClassParser.doProcessConfigurationClass(ConfigurationClassParser.java:332)
	at org.springframework.context.annotation.ConfigurationClassParser.processConfigurationClass(ConfigurationClassParser.java:267)
	at org.springframework.context.annotation.ConfigurationClassParser.parse(ConfigurationClassParser.java:193)
	at org.springframework.context.annotation.ConfigurationClassParser.parse(ConfigurationClassParser.java:171)
	at org.springframework.context.annotation.ConfigurationClassPostProcessor.processConfigBeanDefinitions(ConfigurationClassPostProcessor.java:418)
	at org.springframework.context.annotation.ConfigurationClassPostProcessor.postProcessBeanDefinitionRegistry(ConfigurationClassPostProcessor.java:290)
	at org.springframework.context.support.PostProcessorRegistrationDelegate.invokeBeanDefinitionRegistryPostProcessors(PostProcessorRegistrationDelegate.java:349)
	at org.springframework.context.support.PostProcessorRegistrationDelegate.invokeBeanFactoryPostProcessors(PostProcessorRegistrationDelegate.java:118)
	at org.springframework.context.support.AbstractApplicationContext.invokeBeanFactoryPostProcessors(AbstractApplicationContext.java:791)
	at org.springframework.context.support.AbstractApplicationContext.refresh(AbstractApplicationContext.java:609)
	at org.springframework.boot.web.servlet.context.ServletWebServerApplicationContext.refresh(ServletWebServerApplicationContext.java:146)
	at org.springframework.boot.SpringApplication.refresh(SpringApplication.java:752)
	at org.springframework.boot.SpringApplication.refreshContext(SpringApplication.java:439)
	at org.springframework.boot.SpringApplication.run(SpringApplication.java:318)
	at org.springframework.boot.SpringApplication.run(SpringApplication.java:1361)
	at org.springframework.boot.SpringApplication.run(SpringApplication.java:1350)
	at com.gestion.eventos.demo.ApiApplication.main(ApiApplication.java:10)
	at java.base/jdk.internal.reflect.DirectMethodHandleAccessor.invoke(DirectMethodHandleAccessor.java:103)
	at java.base/java.lang.reflect.Method.invoke(Method.java:580)
	at org.springframework.boot.devtools.restart.RestartLauncher.run(RestartLauncher.java:50)
Caused by: org.springframework.core.type.classreading.ClassFormatException: ASM ClassReader failed to parse class file - probably due to a new Java class file version that is not supported yet. Consider compiling with a lower '-target' or upgrade your framework version. Affected class: file [/Volumes/EDER_T7/Datos/DiscoD/Practicas_Proyectos/SpringBoot/GabrielChalduDevtalles/api-eventos/target/classes/com/gestion/eventos/demo/service/._EventService.class]
	at org.springframework.core.type.classreading.SimpleMetadataReader.getClassReader(SimpleMetadataReader.java:59)
	at org.springframework.core.type.classreading.SimpleMetadataReader.<init>(SimpleMetadataReader.java:48)
	at org.springframework.core.type.classreading.SimpleMetadataReaderFactory.getMetadataReader(SimpleMetadataReaderFactory.java:103)
	at org.springframework.core.type.classreading.CachingMetadataReaderFactory.getMetadataReader(CachingMetadataReaderFactory.java:122)
	at org.springframework.context.annotation.ClassPathScanningCandidateComponentProvider.scanCandidateComponents(ClassPathScanningCandidateComponentProvider.java:470)
	... 23 common frames omitted
Caused by: java.lang.IllegalArgumentException: null
	at org.springframework.asm.ClassReader.<init>(ClassReader.java:263)
	at org.springframework.asm.ClassReader.<init>(ClassReader.java:180)
	at org.springframework.asm.ClassReader.<init>(ClassReader.java:166)
	at org.springframework.asm.ClassReader.<init>(ClassReader.java:288)
	at org.springframework.core.type.classreading.SimpleMetadataReader.getClassReader(SimpleMetadataReader.java:56)
	... 27 common frames omitted
2026-03-06 14:54:56.421 INFO  c.g.eventos.demo.ApiApplication - Starting ApiApplication using Java 21.0.8 with PID 63908 (/Volumes/EDER_T7/Datos/DiscoD/Practicas_Proyectos/SpringBoot/GabrielChalduDevtalles/api-eventos/target/classes started by edermontiel in /Volumes/EDER_T7/Datos/DiscoD/Practicas_Proyectos/SpringBoot/GabrielChalduDevtalles/api-eventos)
2026-03-06 14:54:56.421 DEBUG c.g.eventos.demo.ApiApplication - Running with Spring Boot v3.4.3, Spring v6.2.3
2026-03-06 14:54:56.421 INFO  c.g.eventos.demo.ApiApplication - The following 1 profile is active: "dev"
2026-03-06 14:54:56.434 WARN  o.s.b.w.s.c.AnnotationConfigServletWebServerApplicationContext - Exception encountered during context initialization - cancelling refresh attempt: org.springframework.beans.factory.BeanDefinitionStoreException: Incompatible class format in file [/Volumes/EDER_T7/Datos/DiscoD/Practicas_Proyectos/SpringBoot/GabrielChalduDevtalles/api-eventos/target/classes/com/gestion/eventos/demo/service/._EventService.class]: set system property 'spring.classformat.ignore' to 'true' if you mean to ignore such files during classpath scanning
2026-03-06 14:54:56.435 ERROR o.s.boot.SpringApplication - Application run failed
org.springframework.beans.factory.BeanDefinitionStoreException: Incompatible class format in file [/Volumes/EDER_T7/Datos/DiscoD/Practicas_Proyectos/SpringBoot/GabrielChalduDevtalles/api-eventos/target/classes/com/gestion/eventos/demo/service/._EventService.class]: set system property 'spring.classformat.ignore' to 'true' if you mean to ignore such files during classpath scanning
	at org.springframework.context.annotation.ClassPathScanningCandidateComponentProvider.scanCandidateComponents(ClassPathScanningCandidateComponentProvider.java:504)
	at org.springframework.context.annotation.ClassPathScanningCandidateComponentProvider.findCandidateComponents(ClassPathScanningCandidateComponentProvider.java:351)
	at org.springframework.context.annotation.ClassPathBeanDefinitionScanner.doScan(ClassPathBeanDefinitionScanner.java:277)
	at org.springframework.context.annotation.ComponentScanAnnotationParser.parse(ComponentScanAnnotationParser.java:128)
	at org.springframework.context.annotation.ConfigurationClassParser.doProcessConfigurationClass(ConfigurationClassParser.java:332)
	at org.springframework.context.annotation.ConfigurationClassParser.processConfigurationClass(ConfigurationClassParser.java:267)
	at org.springframework.context.annotation.ConfigurationClassParser.parse(ConfigurationClassParser.java:193)
	at org.springframework.context.annotation.ConfigurationClassParser.parse(ConfigurationClassParser.java:171)
	at org.springframework.context.annotation.ConfigurationClassPostProcessor.processConfigBeanDefinitions(ConfigurationClassPostProcessor.java:418)
	at org.springframework.context.annotation.ConfigurationClassPostProcessor.postProcessBeanDefinitionRegistry(ConfigurationClassPostProcessor.java:290)
	at org.springframework.context.support.PostProcessorRegistrationDelegate.invokeBeanDefinitionRegistryPostProcessors(PostProcessorRegistrationDelegate.java:349)
	at org.springframework.context.support.PostProcessorRegistrationDelegate.invokeBeanFactoryPostProcessors(PostProcessorRegistrationDelegate.java:118)
	at org.springframework.context.support.AbstractApplicationContext.invokeBeanFactoryPostProcessors(AbstractApplicationContext.java:791)
	at org.springframework.context.support.AbstractApplicationContext.refresh(AbstractApplicationContext.java:609)
	at org.springframework.boot.web.servlet.context.ServletWebServerApplicationContext.refresh(ServletWebServerApplicationContext.java:146)
	at org.springframework.boot.SpringApplication.refresh(SpringApplication.java:752)
	at org.springframework.boot.SpringApplication.refreshContext(SpringApplication.java:439)
	at org.springframework.boot.SpringApplication.run(SpringApplication.java:318)
	at org.springframework.boot.SpringApplication.run(SpringApplication.java:1361)
	at org.springframework.boot.SpringApplication.run(SpringApplication.java:1350)
	at com.gestion.eventos.demo.ApiApplication.main(ApiApplication.java:10)
	at java.base/jdk.internal.reflect.DirectMethodHandleAccessor.invoke(DirectMethodHandleAccessor.java:103)
	at java.base/java.lang.reflect.Method.invoke(Method.java:580)
	at org.springframework.boot.devtools.restart.RestartLauncher.run(RestartLauncher.java:50)
Caused by: org.springframework.core.type.classreading.ClassFormatException: ASM ClassReader failed to parse class file - probably due to a new Java class file version that is not supported yet. Consider compiling with a lower '-target' or upgrade your framework version. Affected class: file [/Volumes/EDER_T7/Datos/DiscoD/Practicas_Proyectos/SpringBoot/GabrielChalduDevtalles/api-eventos/target/classes/com/gestion/eventos/demo/service/._EventService.class]
	at org.springframework.core.type.classreading.SimpleMetadataReader.getClassReader(SimpleMetadataReader.java:59)
	at org.springframework.core.type.classreading.SimpleMetadataReader.<init>(SimpleMetadataReader.java:48)
	at org.springframework.core.type.classreading.SimpleMetadataReaderFactory.getMetadataReader(SimpleMetadataReaderFactory.java:103)
	at org.springframework.core.type.classreading.CachingMetadataReaderFactory.getMetadataReader(CachingMetadataReaderFactory.java:122)
	at org.springframework.context.annotation.ClassPathScanningCandidateComponentProvider.scanCandidateComponents(ClassPathScanningCandidateComponentProvider.java:470)
	... 23 common frames omitted
Caused by: java.lang.IllegalArgumentException: null
	at org.springframework.asm.ClassReader.<init>(ClassReader.java:263)
	at org.springframework.asm.ClassReader.<init>(ClassReader.java:180)
	at org.springframework.asm.ClassReader.<init>(ClassReader.java:166)
	at org.springframework.asm.ClassReader.<init>(ClassReader.java:288)
	at org.springframework.core.type.classreading.SimpleMetadataReader.getClassReader(SimpleMetadataReader.java:56)
	... 27 common frames omitted
2026-03-06 14:55:13.165 INFO  c.g.eventos.demo.ApiApplication - Starting ApiApplication using Java 21.0.8 with PID 63908 (/Volumes/EDER_T7/Datos/DiscoD/Practicas_Proyectos/SpringBoot/GabrielChalduDevtalles/api-eventos/target/classes started by edermontiel in /Volumes/EDER_T7/Datos/DiscoD/Practicas_Proyectos/SpringBoot/GabrielChalduDevtalles/api-eventos)
2026-03-06 14:55:13.165 DEBUG c.g.eventos.demo.ApiApplication - Running with Spring Boot v3.4.3, Spring v6.2.3
2026-03-06 14:55:13.165 INFO  c.g.eventos.demo.ApiApplication - The following 1 profile is active: "dev"
2026-03-06 14:55:13.177 WARN  o.s.b.w.s.c.AnnotationConfigServletWebServerApplicationContext - Exception encountered during context initialization - cancelling refresh attempt: org.springframework.beans.factory.BeanDefinitionStoreException: Incompatible class format in file [/Volumes/EDER_T7/Datos/DiscoD/Practicas_Proyectos/SpringBoot/GabrielChalduDevtalles/api-eventos/target/classes/com/gestion/eventos/demo/service/._EventService.class]: set system property 'spring.classformat.ignore' to 'true' if you mean to ignore such files during classpath scanning
2026-03-06 14:55:13.178 ERROR o.s.boot.SpringApplication - Application run failed
org.springframework.beans.factory.BeanDefinitionStoreException: Incompatible class format in file [/Volumes/EDER_T7/Datos/DiscoD/Practicas_Proyectos/SpringBoot/GabrielChalduDevtalles/api-eventos/target/classes/com/gestion/eventos/demo/service/._EventService.class]: set system property 'spring.classformat.ignore' to 'true' if you mean to ignore such files during classpath scanning
	at org.springframework.context.annotation.ClassPathScanningCandidateComponentProvider.scanCandidateComponents(ClassPathScanningCandidateComponentProvider.java:504)
	at org.springframework.context.annotation.ClassPathScanningCandidateComponentProvider.findCandidateComponents(ClassPathScanningCandidateComponentProvider.java:351)
	at org.springframework.context.annotation.ClassPathBeanDefinitionScanner.doScan(ClassPathBeanDefinitionScanner.java:277)
	at org.springframework.context.annotation.ComponentScanAnnotationParser.parse(ComponentScanAnnotationParser.java:128)
	at org.springframework.context.annotation.ConfigurationClassParser.doProcessConfigurationClass(ConfigurationClassParser.java:332)
	at org.springframework.context.annotation.ConfigurationClassParser.processConfigurationClass(ConfigurationClassParser.java:267)
	at org.springframework.context.annotation.ConfigurationClassParser.parse(ConfigurationClassParser.java:193)
	at org.springframework.context.annotation.ConfigurationClassParser.parse(ConfigurationClassParser.java:171)
	at org.springframework.context.annotation.ConfigurationClassPostProcessor.processConfigBeanDefinitions(ConfigurationClassPostProcessor.java:418)
	at org.springframework.context.annotation.ConfigurationClassPostProcessor.postProcessBeanDefinitionRegistry(ConfigurationClassPostProcessor.java:290)
	at org.springframework.context.support.PostProcessorRegistrationDelegate.invokeBeanDefinitionRegistryPostProcessors(PostProcessorRegistrationDelegate.java:349)
	at org.springframework.context.support.PostProcessorRegistrationDelegate.invokeBeanFactoryPostProcessors(PostProcessorRegistrationDelegate.java:118)
	at org.springframework.context.support.AbstractApplicationContext.invokeBeanFactoryPostProcessors(AbstractApplicationContext.java:791)
	at org.springframework.context.support.AbstractApplicationContext.refresh(AbstractApplicationContext.java:609)
	at org.springframework.boot.web.servlet.context.ServletWebServerApplicationContext.refresh(ServletWebServerApplicationContext.java:146)
	at org.springframework.boot.SpringApplication.refresh(SpringApplication.java:752)
	at org.springframework.boot.SpringApplication.refreshContext(SpringApplication.java:439)
	at org.springframework.boot.SpringApplication.run(SpringApplication.java:318)
	at org.springframework.boot.SpringApplication.run(SpringApplication.java:1361)
	at org.springframework.boot.SpringApplication.run(SpringApplication.java:1350)
	at com.gestion.eventos.demo.ApiApplication.main(ApiApplication.java:10)
	at java.base/jdk.internal.reflect.DirectMethodHandleAccessor.invoke(DirectMethodHandleAccessor.java:103)
	at java.base/java.lang.reflect.Method.invoke(Method.java:580)
	at org.springframework.boot.devtools.restart.RestartLauncher.run(RestartLauncher.java:50)
Caused by: org.springframework.core.type.classreading.ClassFormatException: ASM ClassReader failed to parse class file - probably due to a new Java class file version that is not supported yet. Consider compiling with a lower '-target' or upgrade your framework version. Affected class: file [/Volumes/EDER_T7/Datos/DiscoD/Practicas_Proyectos/SpringBoot/GabrielChalduDevtalles/api-eventos/target/classes/com/gestion/eventos/demo/service/._EventService.class]
	at org.springframework.core.type.classreading.SimpleMetadataReader.getClassReader(SimpleMetadataReader.java:59)
	at org.springframework.core.type.classreading.SimpleMetadataReader.<init>(SimpleMetadataReader.java:48)
	at org.springframework.core.type.classreading.SimpleMetadataReaderFactory.getMetadataReader(SimpleMetadataReaderFactory.java:103)
	at org.springframework.core.type.classreading.CachingMetadataReaderFactory.getMetadataReader(CachingMetadataReaderFactory.java:122)
	at org.springframework.context.annotation.ClassPathScanningCandidateComponentProvider.scanCandidateComponents(ClassPathScanningCandidateComponentProvider.java:470)
	... 23 common frames omitted
Caused by: java.lang.IllegalArgumentException: null
	at org.springframework.asm.ClassReader.<init>(ClassReader.java:263)
	at org.springframework.asm.ClassReader.<init>(ClassReader.java:180)
	at org.springframework.asm.ClassReader.<init>(ClassReader.java:166)
	at org.springframework.asm.ClassReader.<init>(ClassReader.java:288)
	at org.springframework.core.type.classreading.SimpleMetadataReader.getClassReader(SimpleMetadataReader.java:56)
	... 27 common frames omitted
2026-03-06 14:55:24.802 INFO  c.g.eventos.demo.ApiApplication - Starting ApiApplication using Java 21.0.8 with PID 63908 (/Volumes/EDER_T7/Datos/DiscoD/Practicas_Proyectos/SpringBoot/GabrielChalduDevtalles/api-eventos/target/classes started by edermontiel in /Volumes/EDER_T7/Datos/DiscoD/Practicas_Proyectos/SpringBoot/GabrielChalduDevtalles/api-eventos)
2026-03-06 14:55:24.802 DEBUG c.g.eventos.demo.ApiApplication - Running with Spring Boot v3.4.3, Spring v6.2.3
2026-03-06 14:55:24.802 INFO  c.g.eventos.demo.ApiApplication - The following 1 profile is active: "dev"
2026-03-06 14:55:24.812 WARN  o.s.b.w.s.c.AnnotationConfigServletWebServerApplicationContext - Exception encountered during context initialization - cancelling refresh attempt: org.springframework.beans.factory.BeanDefinitionStoreException: Incompatible class format in file [/Volumes/EDER_T7/Datos/DiscoD/Practicas_Proyectos/SpringBoot/GabrielChalduDevtalles/api-eventos/target/classes/com/gestion/eventos/demo/service/._EventService.class]: set system property 'spring.classformat.ignore' to 'true' if you mean to ignore such files during classpath scanning
2026-03-06 14:55:24.813 ERROR o.s.boot.SpringApplication - Application run failed
org.springframework.beans.factory.BeanDefinitionStoreException: Incompatible class format in file [/Volumes/EDER_T7/Datos/DiscoD/Practicas_Proyectos/SpringBoot/GabrielChalduDevtalles/api-eventos/target/classes/com/gestion/eventos/demo/service/._EventService.class]: set system property 'spring.classformat.ignore' to 'true' if you mean to ignore such files during classpath scanning
	at org.springframework.context.annotation.ClassPathScanningCandidateComponentProvider.scanCandidateComponents(ClassPathScanningCandidateComponentProvider.java:504)
	at org.springframework.context.annotation.ClassPathScanningCandidateComponentProvider.findCandidateComponents(ClassPathScanningCandidateComponentProvider.java:351)
	at org.springframework.context.annotation.ClassPathBeanDefinitionScanner.doScan(ClassPathBeanDefinitionScanner.java:277)
	at org.springframework.context.annotation.ComponentScanAnnotationParser.parse(ComponentScanAnnotationParser.java:128)
	at org.springframework.context.annotation.ConfigurationClassParser.doProcessConfigurationClass(ConfigurationClassParser.java:332)
	at org.springframework.context.annotation.ConfigurationClassParser.processConfigurationClass(ConfigurationClassParser.java:267)
	at org.springframework.context.annotation.ConfigurationClassParser.parse(ConfigurationClassParser.java:193)
	at org.springframework.context.annotation.ConfigurationClassParser.parse(ConfigurationClassParser.java:171)
	at org.springframework.context.annotation.ConfigurationClassPostProcessor.processConfigBeanDefinitions(ConfigurationClassPostProcessor.java:418)
	at org.springframework.context.annotation.ConfigurationClassPostProcessor.postProcessBeanDefinitionRegistry(ConfigurationClassPostProcessor.java:290)
	at org.springframework.context.support.PostProcessorRegistrationDelegate.invokeBeanDefinitionRegistryPostProcessors(PostProcessorRegistrationDelegate.java:349)
	at org.springframework.context.support.PostProcessorRegistrationDelegate.invokeBeanFactoryPostProcessors(PostProcessorRegistrationDelegate.java:118)
	at org.springframework.context.support.AbstractApplicationContext.invokeBeanFactoryPostProcessors(AbstractApplicationContext.java:791)
	at org.springframework.context.support.AbstractApplicationContext.refresh(AbstractApplicationContext.java:609)
	at org.springframework.boot.web.servlet.context.ServletWebServerApplicationContext.refresh(ServletWebServerApplicationContext.java:146)
	at org.springframework.boot.SpringApplication.refresh(SpringApplication.java:752)
	at org.springframework.boot.SpringApplication.refreshContext(SpringApplication.java:439)
	at org.springframework.boot.SpringApplication.run(SpringApplication.java:318)
	at org.springframework.boot.SpringApplication.run(SpringApplication.java:1361)
	at org.springframework.boot.SpringApplication.run(SpringApplication.java:1350)
	at com.gestion.eventos.demo.ApiApplication.main(ApiApplication.java:10)
	at java.base/jdk.internal.reflect.DirectMethodHandleAccessor.invoke(DirectMethodHandleAccessor.java:103)
	at java.base/java.lang.reflect.Method.invoke(Method.java:580)
	at org.springframework.boot.devtools.restart.RestartLauncher.run(RestartLauncher.java:50)
Caused by: org.springframework.core.type.classreading.ClassFormatException: ASM ClassReader failed to parse class file - probably due to a new Java class file version that is not supported yet. Consider compiling with a lower '-target' or upgrade your framework version. Affected class: file [/Volumes/EDER_T7/Datos/DiscoD/Practicas_Proyectos/SpringBoot/GabrielChalduDevtalles/api-eventos/target/classes/com/gestion/eventos/demo/service/._EventService.class]
	at org.springframework.core.type.classreading.SimpleMetadataReader.getClassReader(SimpleMetadataReader.java:59)
	at org.springframework.core.type.classreading.SimpleMetadataReader.<init>(SimpleMetadataReader.java:48)
	at org.springframework.core.type.classreading.SimpleMetadataReaderFactory.getMetadataReader(SimpleMetadataReaderFactory.java:103)
	at org.springframework.core.type.classreading.CachingMetadataReaderFactory.getMetadataReader(CachingMetadataReaderFactory.java:122)
	at org.springframework.context.annotation.ClassPathScanningCandidateComponentProvider.scanCandidateComponents(ClassPathScanningCandidateComponentProvider.java:470)
	... 23 common frames omitted
Caused by: java.lang.IllegalArgumentException: null
	at org.springframework.asm.ClassReader.<init>(ClassReader.java:263)
	at org.springframework.asm.ClassReader.<init>(ClassReader.java:180)
	at org.springframework.asm.ClassReader.<init>(ClassReader.java:166)
	at org.springframework.asm.ClassReader.<init>(ClassReader.java:288)
	at org.springframework.core.type.classreading.SimpleMetadataReader.getClassReader(SimpleMetadataReader.java:56)
	... 27 common frames omitted
2026-03-06 14:55:30.348 INFO  c.g.eventos.demo.ApiApplication - Starting ApiApplication using Java 21.0.8 with PID 63908 (/Volumes/EDER_T7/Datos/DiscoD/Practicas_Proyectos/SpringBoot/GabrielChalduDevtalles/api-eventos/target/classes started by edermontiel in /Volumes/EDER_T7/Datos/DiscoD/Practicas_Proyectos/SpringBoot/GabrielChalduDevtalles/api-eventos)
2026-03-06 14:55:30.349 DEBUG c.g.eventos.demo.ApiApplication - Running with Spring Boot v3.4.3, Spring v6.2.3
2026-03-06 14:55:30.349 INFO  c.g.eventos.demo.ApiApplication - The following 1 profile is active: "dev"
2026-03-06 14:55:30.361 WARN  o.s.b.w.s.c.AnnotationConfigServletWebServerApplicationContext - Exception encountered during context initialization - cancelling refresh attempt: org.springframework.beans.factory.BeanDefinitionStoreException: Incompatible class format in file [/Volumes/EDER_T7/Datos/DiscoD/Practicas_Proyectos/SpringBoot/GabrielChalduDevtalles/api-eventos/target/classes/com/gestion/eventos/demo/service/._EventService.class]: set system property 'spring.classformat.ignore' to 'true' if you mean to ignore such files during classpath scanning
2026-03-06 14:55:30.362 ERROR o.s.boot.SpringApplication - Application run failed
org.springframework.beans.factory.BeanDefinitionStoreException: Incompatible class format in file [/Volumes/EDER_T7/Datos/DiscoD/Practicas_Proyectos/SpringBoot/GabrielChalduDevtalles/api-eventos/target/classes/com/gestion/eventos/demo/service/._EventService.class]: set system property 'spring.classformat.ignore' to 'true' if you mean to ignore such files during classpath scanning
	at org.springframework.context.annotation.ClassPathScanningCandidateComponentProvider.scanCandidateComponents(ClassPathScanningCandidateComponentProvider.java:504)
	at org.springframework.context.annotation.ClassPathScanningCandidateComponentProvider.findCandidateComponents(ClassPathScanningCandidateComponentProvider.java:351)
	at org.springframework.context.annotation.ClassPathBeanDefinitionScanner.doScan(ClassPathBeanDefinitionScanner.java:277)
	at org.springframework.context.annotation.ComponentScanAnnotationParser.parse(ComponentScanAnnotationParser.java:128)
	at org.springframework.context.annotation.ConfigurationClassParser.doProcessConfigurationClass(ConfigurationClassParser.java:332)
	at org.springframework.context.annotation.ConfigurationClassParser.processConfigurationClass(ConfigurationClassParser.java:267)
	at org.springframework.context.annotation.ConfigurationClassParser.parse(ConfigurationClassParser.java:193)
	at org.springframework.context.annotation.ConfigurationClassParser.parse(ConfigurationClassParser.java:171)
	at org.springframework.context.annotation.ConfigurationClassPostProcessor.processConfigBeanDefinitions(ConfigurationClassPostProcessor.java:418)
	at org.springframework.context.annotation.ConfigurationClassPostProcessor.postProcessBeanDefinitionRegistry(ConfigurationClassPostProcessor.java:290)
	at org.springframework.context.support.PostProcessorRegistrationDelegate.invokeBeanDefinitionRegistryPostProcessors(PostProcessorRegistrationDelegate.java:349)
	at org.springframework.context.support.PostProcessorRegistrationDelegate.invokeBeanFactoryPostProcessors(PostProcessorRegistrationDelegate.java:118)
	at org.springframework.context.support.AbstractApplicationContext.invokeBeanFactoryPostProcessors(AbstractApplicationContext.java:791)
	at org.springframework.context.support.AbstractApplicationContext.refresh(AbstractApplicationContext.java:609)
	at org.springframework.boot.web.servlet.context.ServletWebServerApplicationContext.refresh(ServletWebServerApplicationContext.java:146)
	at org.springframework.boot.SpringApplication.refresh(SpringApplication.java:752)
	at org.springframework.boot.SpringApplication.refreshContext(SpringApplication.java:439)
	at org.springframework.boot.SpringApplication.run(SpringApplication.java:318)
	at org.springframework.boot.SpringApplication.run(SpringApplication.java:1361)
	at org.springframework.boot.SpringApplication.run(SpringApplication.java:1350)
	at com.gestion.eventos.demo.ApiApplication.main(ApiApplication.java:10)
	at java.base/jdk.internal.reflect.DirectMethodHandleAccessor.invoke(DirectMethodHandleAccessor.java:103)
	at java.base/java.lang.reflect.Method.invoke(Method.java:580)
	at org.springframework.boot.devtools.restart.RestartLauncher.run(RestartLauncher.java:50)
Caused by: org.springframework.core.type.classreading.ClassFormatException: ASM ClassReader failed to parse class file - probably due to a new Java class file version that is not supported yet. Consider compiling with a lower '-target' or upgrade your framework version. Affected class: file [/Volumes/EDER_T7/Datos/DiscoD/Practicas_Proyectos/SpringBoot/GabrielChalduDevtalles/api-eventos/target/classes/com/gestion/eventos/demo/service/._EventService.class]
	at org.springframework.core.type.classreading.SimpleMetadataReader.getClassReader(SimpleMetadataReader.java:59)
	at org.springframework.core.type.classreading.SimpleMetadataReader.<init>(SimpleMetadataReader.java:48)
	at org.springframework.core.type.classreading.SimpleMetadataReaderFactory.getMetadataReader(SimpleMetadataReaderFactory.java:103)
	at org.springframework.core.type.classreading.CachingMetadataReaderFactory.getMetadataReader(CachingMetadataReaderFactory.java:122)
	at org.springframework.context.annotation.ClassPathScanningCandidateComponentProvider.scanCandidateComponents(ClassPathScanningCandidateComponentProvider.java:470)
	... 23 common frames omitted
Caused by: java.lang.IllegalArgumentException: null
	at org.springframework.asm.ClassReader.<init>(ClassReader.java:263)
	at org.springframework.asm.ClassReader.<init>(ClassReader.java:180)
	at org.springframework.asm.ClassReader.<init>(ClassReader.java:166)
	at org.springframework.asm.ClassReader.<init>(ClassReader.java:288)
	at org.springframework.core.type.classreading.SimpleMetadataReader.getClassReader(SimpleMetadataReader.java:56)
	... 27 common frames omitted
2026-03-06 14:55:36.909 INFO  c.g.eventos.demo.ApiApplication - Starting ApiApplication using Java 21.0.8 with PID 63908 (/Volumes/EDER_T7/Datos/DiscoD/Practicas_Proyectos/SpringBoot/GabrielChalduDevtalles/api-eventos/target/classes started by edermontiel in /Volumes/EDER_T7/Datos/DiscoD/Practicas_Proyectos/SpringBoot/GabrielChalduDevtalles/api-eventos)
2026-03-06 14:55:36.909 DEBUG c.g.eventos.demo.ApiApplication - Running with Spring Boot v3.4.3, Spring v6.2.3
2026-03-06 14:55:36.909 INFO  c.g.eventos.demo.ApiApplication - The following 1 profile is active: "dev"
2026-03-06 14:55:36.920 WARN  o.s.b.w.s.c.AnnotationConfigServletWebServerApplicationContext - Exception encountered during context initialization - cancelling refresh attempt: org.springframework.beans.factory.BeanDefinitionStoreException: Incompatible class format in file [/Volumes/EDER_T7/Datos/DiscoD/Practicas_Proyectos/SpringBoot/GabrielChalduDevtalles/api-eventos/target/classes/com/gestion/eventos/demo/service/._EventService.class]: set system property 'spring.classformat.ignore' to 'true' if you mean to ignore such files during classpath scanning
2026-03-06 14:55:36.921 ERROR o.s.boot.SpringApplication - Application run failed
org.springframework.beans.factory.BeanDefinitionStoreException: Incompatible class format in file [/Volumes/EDER_T7/Datos/DiscoD/Practicas_Proyectos/SpringBoot/GabrielChalduDevtalles/api-eventos/target/classes/com/gestion/eventos/demo/service/._EventService.class]: set system property 'spring.classformat.ignore' to 'true' if you mean to ignore such files during classpath scanning
	at org.springframework.context.annotation.ClassPathScanningCandidateComponentProvider.scanCandidateComponents(ClassPathScanningCandidateComponentProvider.java:504)
	at org.springframework.context.annotation.ClassPathScanningCandidateComponentProvider.findCandidateComponents(ClassPathScanningCandidateComponentProvider.java:351)
	at org.springframework.context.annotation.ClassPathBeanDefinitionScanner.doScan(ClassPathBeanDefinitionScanner.java:277)
	at org.springframework.context.annotation.ComponentScanAnnotationParser.parse(ComponentScanAnnotationParser.java:128)
	at org.springframework.context.annotation.ConfigurationClassParser.doProcessConfigurationClass(ConfigurationClassParser.java:332)
	at org.springframework.context.annotation.ConfigurationClassParser.processConfigurationClass(ConfigurationClassParser.java:267)
	at org.springframework.context.annotation.ConfigurationClassParser.parse(ConfigurationClassParser.java:193)
	at org.springframework.context.annotation.ConfigurationClassParser.parse(ConfigurationClassParser.java:171)
	at org.springframework.context.annotation.ConfigurationClassPostProcessor.processConfigBeanDefinitions(ConfigurationClassPostProcessor.java:418)
	at org.springframework.context.annotation.ConfigurationClassPostProcessor.postProcessBeanDefinitionRegistry(ConfigurationClassPostProcessor.java:290)
	at org.springframework.context.support.PostProcessorRegistrationDelegate.invokeBeanDefinitionRegistryPostProcessors(PostProcessorRegistrationDelegate.java:349)
	at org.springframework.context.support.PostProcessorRegistrationDelegate.invokeBeanFactoryPostProcessors(PostProcessorRegistrationDelegate.java:118)
	at org.springframework.context.support.AbstractApplicationContext.invokeBeanFactoryPostProcessors(AbstractApplicationContext.java:791)
	at org.springframework.context.support.AbstractApplicationContext.refresh(AbstractApplicationContext.java:609)
	at org.springframework.boot.web.servlet.context.ServletWebServerApplicationContext.refresh(ServletWebServerApplicationContext.java:146)
	at org.springframework.boot.SpringApplication.refresh(SpringApplication.java:752)
	at org.springframework.boot.SpringApplication.refreshContext(SpringApplication.java:439)
	at org.springframework.boot.SpringApplication.run(SpringApplication.java:318)
	at org.springframework.boot.SpringApplication.run(SpringApplication.java:1361)
	at org.springframework.boot.SpringApplication.run(SpringApplication.java:1350)
	at com.gestion.eventos.demo.ApiApplication.main(ApiApplication.java:10)
	at java.base/jdk.internal.reflect.DirectMethodHandleAccessor.invoke(DirectMethodHandleAccessor.java:103)
	at java.base/java.lang.reflect.Method.invoke(Method.java:580)
	at org.springframework.boot.devtools.restart.RestartLauncher.run(RestartLauncher.java:50)
Caused by: org.springframework.core.type.classreading.ClassFormatException: ASM ClassReader failed to parse class file - probably due to a new Java class file version that is not supported yet. Consider compiling with a lower '-target' or upgrade your framework version. Affected class: file [/Volumes/EDER_T7/Datos/DiscoD/Practicas_Proyectos/SpringBoot/GabrielChalduDevtalles/api-eventos/target/classes/com/gestion/eventos/demo/service/._EventService.class]
	at org.springframework.core.type.classreading.SimpleMetadataReader.getClassReader(SimpleMetadataReader.java:59)
	at org.springframework.core.type.classreading.SimpleMetadataReader.<init>(SimpleMetadataReader.java:48)
	at org.springframework.core.type.classreading.SimpleMetadataReaderFactory.getMetadataReader(SimpleMetadataReaderFactory.java:103)
	at org.springframework.core.type.classreading.CachingMetadataReaderFactory.getMetadataReader(CachingMetadataReaderFactory.java:122)
	at org.springframework.context.annotation.ClassPathScanningCandidateComponentProvider.scanCandidateComponents(ClassPathScanningCandidateComponentProvider.java:470)
	... 23 common frames omitted
Caused by: java.lang.IllegalArgumentException: null
	at org.springframework.asm.ClassReader.<init>(ClassReader.java:263)
	at org.springframework.asm.ClassReader.<init>(ClassReader.java:180)
	at org.springframework.asm.ClassReader.<init>(ClassReader.java:166)
	at org.springframework.asm.ClassReader.<init>(ClassReader.java:288)
	at org.springframework.core.type.classreading.SimpleMetadataReader.getClassReader(SimpleMetadataReader.java:56)
	... 27 common frames omitted
2026-03-06 14:55:42.446 INFO  c.g.eventos.demo.ApiApplication - Starting ApiApplication using Java 21.0.8 with PID 63908 (/Volumes/EDER_T7/Datos/DiscoD/Practicas_Proyectos/SpringBoot/GabrielChalduDevtalles/api-eventos/target/classes started by edermontiel in /Volumes/EDER_T7/Datos/DiscoD/Practicas_Proyectos/SpringBoot/GabrielChalduDevtalles/api-eventos)
2026-03-06 14:55:42.446 DEBUG c.g.eventos.demo.ApiApplication - Running with Spring Boot v3.4.3, Spring v6.2.3
2026-03-06 14:55:42.446 INFO  c.g.eventos.demo.ApiApplication - The following 1 profile is active: "dev"
2026-03-06 14:55:42.457 WARN  o.s.b.w.s.c.AnnotationConfigServletWebServerApplicationContext - Exception encountered during context initialization - cancelling refresh attempt: org.springframework.beans.factory.BeanDefinitionStoreException: Incompatible class format in file [/Volumes/EDER_T7/Datos/DiscoD/Practicas_Proyectos/SpringBoot/GabrielChalduDevtalles/api-eventos/target/classes/com/gestion/eventos/demo/service/._EventService.class]: set system property 'spring.classformat.ignore' to 'true' if you mean to ignore such files during classpath scanning
2026-03-06 14:55:42.458 ERROR o.s.boot.SpringApplication - Application run failed
org.springframework.beans.factory.BeanDefinitionStoreException: Incompatible class format in file [/Volumes/EDER_T7/Datos/DiscoD/Practicas_Proyectos/SpringBoot/GabrielChalduDevtalles/api-eventos/target/classes/com/gestion/eventos/demo/service/._EventService.class]: set system property 'spring.classformat.ignore' to 'true' if you mean to ignore such files during classpath scanning
	at org.springframework.context.annotation.ClassPathScanningCandidateComponentProvider.scanCandidateComponents(ClassPathScanningCandidateComponentProvider.java:504)
	at org.springframework.context.annotation.ClassPathScanningCandidateComponentProvider.findCandidateComponents(ClassPathScanningCandidateComponentProvider.java:351)
	at org.springframework.context.annotation.ClassPathBeanDefinitionScanner.doScan(ClassPathBeanDefinitionScanner.java:277)
	at org.springframework.context.annotation.ComponentScanAnnotationParser.parse(ComponentScanAnnotationParser.java:128)
	at org.springframework.context.annotation.ConfigurationClassParser.doProcessConfigurationClass(ConfigurationClassParser.java:332)
	at org.springframework.context.annotation.ConfigurationClassParser.processConfigurationClass(ConfigurationClassParser.java:267)
	at org.springframework.context.annotation.ConfigurationClassParser.parse(ConfigurationClassParser.java:193)
	at org.springframework.context.annotation.ConfigurationClassParser.parse(ConfigurationClassParser.java:171)
	at org.springframework.context.annotation.ConfigurationClassPostProcessor.processConfigBeanDefinitions(ConfigurationClassPostProcessor.java:418)
	at org.springframework.context.annotation.ConfigurationClassPostProcessor.postProcessBeanDefinitionRegistry(ConfigurationClassPostProcessor.java:290)
	at org.springframework.context.support.PostProcessorRegistrationDelegate.invokeBeanDefinitionRegistryPostProcessors(PostProcessorRegistrationDelegate.java:349)
	at org.springframework.context.support.PostProcessorRegistrationDelegate.invokeBeanFactoryPostProcessors(PostProcessorRegistrationDelegate.java:118)
	at org.springframework.context.support.AbstractApplicationContext.invokeBeanFactoryPostProcessors(AbstractApplicationContext.java:791)
	at org.springframework.context.support.AbstractApplicationContext.refresh(AbstractApplicationContext.java:609)
	at org.springframework.boot.web.servlet.context.ServletWebServerApplicationContext.refresh(ServletWebServerApplicationContext.java:146)
	at org.springframework.boot.SpringApplication.refresh(SpringApplication.java:752)
	at org.springframework.boot.SpringApplication.refreshContext(SpringApplication.java:439)
	at org.springframework.boot.SpringApplication.run(SpringApplication.java:318)
	at org.springframework.boot.SpringApplication.run(SpringApplication.java:1361)
	at org.springframework.boot.SpringApplication.run(SpringApplication.java:1350)
	at com.gestion.eventos.demo.ApiApplication.main(ApiApplication.java:10)
	at java.base/jdk.internal.reflect.DirectMethodHandleAccessor.invoke(DirectMethodHandleAccessor.java:103)
	at java.base/java.lang.reflect.Method.invoke(Method.java:580)
	at org.springframework.boot.devtools.restart.RestartLauncher.run(RestartLauncher.java:50)
Caused by: org.springframework.core.type.classreading.ClassFormatException: ASM ClassReader failed to parse class file - probably due to a new Java class file version that is not supported yet. Consider compiling with a lower '-target' or upgrade your framework version. Affected class: file [/Volumes/EDER_T7/Datos/DiscoD/Practicas_Proyectos/SpringBoot/GabrielChalduDevtalles/api-eventos/target/classes/com/gestion/eventos/demo/service/._EventService.class]
	at org.springframework.core.type.classreading.SimpleMetadataReader.getClassReader(SimpleMetadataReader.java:59)
	at org.springframework.core.type.classreading.SimpleMetadataReader.<init>(SimpleMetadataReader.java:48)
	at org.springframework.core.type.classreading.SimpleMetadataReaderFactory.getMetadataReader(SimpleMetadataReaderFactory.java:103)
	at org.springframework.core.type.classreading.CachingMetadataReaderFactory.getMetadataReader(CachingMetadataReaderFactory.java:122)
	at org.springframework.context.annotation.ClassPathScanningCandidateComponentProvider.scanCandidateComponents(ClassPathScanningCandidateComponentProvider.java:470)
	... 23 common frames omitted
Caused by: java.lang.IllegalArgumentException: null
	at org.springframework.asm.ClassReader.<init>(ClassReader.java:263)
	at org.springframework.asm.ClassReader.<init>(ClassReader.java:180)
	at org.springframework.asm.ClassReader.<init>(ClassReader.java:166)
	at org.springframework.asm.ClassReader.<init>(ClassReader.java:288)
	at org.springframework.core.type.classreading.SimpleMetadataReader.getClassReader(SimpleMetadataReader.java:56)
	... 27 common frames omitted
2026-03-06 14:55:46.954 INFO  c.g.eventos.demo.ApiApplication - Starting ApiApplication using Java 21.0.8 with PID 63908 (/Volumes/EDER_T7/Datos/DiscoD/Practicas_Proyectos/SpringBoot/GabrielChalduDevtalles/api-eventos/target/classes started by edermontiel in /Volumes/EDER_T7/Datos/DiscoD/Practicas_Proyectos/SpringBoot/GabrielChalduDevtalles/api-eventos)
2026-03-06 14:55:46.954 DEBUG c.g.eventos.demo.ApiApplication - Running with Spring Boot v3.4.3, Spring v6.2.3
2026-03-06 14:55:46.954 INFO  c.g.eventos.demo.ApiApplication - The following 1 profile is active: "dev"
2026-03-06 14:55:46.963 WARN  o.s.b.w.s.c.AnnotationConfigServletWebServerApplicationContext - Exception encountered during context initialization - cancelling refresh attempt: org.springframework.beans.factory.BeanDefinitionStoreException: Incompatible class format in file [/Volumes/EDER_T7/Datos/DiscoD/Practicas_Proyectos/SpringBoot/GabrielChalduDevtalles/api-eventos/target/classes/com/gestion/eventos/demo/service/._EventService.class]: set system property 'spring.classformat.ignore' to 'true' if you mean to ignore such files during classpath scanning
2026-03-06 14:55:46.964 ERROR o.s.boot.SpringApplication - Application run failed
org.springframework.beans.factory.BeanDefinitionStoreException: Incompatible class format in file [/Volumes/EDER_T7/Datos/DiscoD/Practicas_Proyectos/SpringBoot/GabrielChalduDevtalles/api-eventos/target/classes/com/gestion/eventos/demo/service/._EventService.class]: set system property 'spring.classformat.ignore' to 'true' if you mean to ignore such files during classpath scanning
	at org.springframework.context.annotation.ClassPathScanningCandidateComponentProvider.scanCandidateComponents(ClassPathScanningCandidateComponentProvider.java:504)
	at org.springframework.context.annotation.ClassPathScanningCandidateComponentProvider.findCandidateComponents(ClassPathScanningCandidateComponentProvider.java:351)
	at org.springframework.context.annotation.ClassPathBeanDefinitionScanner.doScan(ClassPathBeanDefinitionScanner.java:277)
	at org.springframework.context.annotation.ComponentScanAnnotationParser.parse(ComponentScanAnnotationParser.java:128)
	at org.springframework.context.annotation.ConfigurationClassParser.doProcessConfigurationClass(ConfigurationClassParser.java:332)
	at org.springframework.context.annotation.ConfigurationClassParser.processConfigurationClass(ConfigurationClassParser.java:267)
	at org.springframework.context.annotation.ConfigurationClassParser.parse(ConfigurationClassParser.java:193)
	at org.springframework.context.annotation.ConfigurationClassParser.parse(ConfigurationClassParser.java:171)
	at org.springframework.context.annotation.ConfigurationClassPostProcessor.processConfigBeanDefinitions(ConfigurationClassPostProcessor.java:418)
	at org.springframework.context.annotation.ConfigurationClassPostProcessor.postProcessBeanDefinitionRegistry(ConfigurationClassPostProcessor.java:290)
	at org.springframework.context.support.PostProcessorRegistrationDelegate.invokeBeanDefinitionRegistryPostProcessors(PostProcessorRegistrationDelegate.java:349)
	at org.springframework.context.support.PostProcessorRegistrationDelegate.invokeBeanFactoryPostProcessors(PostProcessorRegistrationDelegate.java:118)
	at org.springframework.context.support.AbstractApplicationContext.invokeBeanFactoryPostProcessors(AbstractApplicationContext.java:791)
	at org.springframework.context.support.AbstractApplicationContext.refresh(AbstractApplicationContext.java:609)
	at org.springframework.boot.web.servlet.context.ServletWebServerApplicationContext.refresh(ServletWebServerApplicationContext.java:146)
	at org.springframework.boot.SpringApplication.refresh(SpringApplication.java:752)
	at org.springframework.boot.SpringApplication.refreshContext(SpringApplication.java:439)
	at org.springframework.boot.SpringApplication.run(SpringApplication.java:318)
	at org.springframework.boot.SpringApplication.run(SpringApplication.java:1361)
	at org.springframework.boot.SpringApplication.run(SpringApplication.java:1350)
	at com.gestion.eventos.demo.ApiApplication.main(ApiApplication.java:10)
	at java.base/jdk.internal.reflect.DirectMethodHandleAccessor.invoke(DirectMethodHandleAccessor.java:103)
	at java.base/java.lang.reflect.Method.invoke(Method.java:580)
	at org.springframework.boot.devtools.restart.RestartLauncher.run(RestartLauncher.java:50)
Caused by: org.springframework.core.type.classreading.ClassFormatException: ASM ClassReader failed to parse class file - probably due to a new Java class file version that is not supported yet. Consider compiling with a lower '-target' or upgrade your framework version. Affected class: file [/Volumes/EDER_T7/Datos/DiscoD/Practicas_Proyectos/SpringBoot/GabrielChalduDevtalles/api-eventos/target/classes/com/gestion/eventos/demo/service/._EventService.class]
	at org.springframework.core.type.classreading.SimpleMetadataReader.getClassReader(SimpleMetadataReader.java:59)
	at org.springframework.core.type.classreading.SimpleMetadataReader.<init>(SimpleMetadataReader.java:48)
	at org.springframework.core.type.classreading.SimpleMetadataReaderFactory.getMetadataReader(SimpleMetadataReaderFactory.java:103)
	at org.springframework.core.type.classreading.CachingMetadataReaderFactory.getMetadataReader(CachingMetadataReaderFactory.java:122)
	at org.springframework.context.annotation.ClassPathScanningCandidateComponentProvider.scanCandidateComponents(ClassPathScanningCandidateComponentProvider.java:470)
	... 23 common frames omitted
Caused by: java.lang.IllegalArgumentException: null
	at org.springframework.asm.ClassReader.<init>(ClassReader.java:263)
	at org.springframework.asm.ClassReader.<init>(ClassReader.java:180)
	at org.springframework.asm.ClassReader.<init>(ClassReader.java:166)
	at org.springframework.asm.ClassReader.<init>(ClassReader.java:288)
	at org.springframework.core.type.classreading.SimpleMetadataReader.getClassReader(SimpleMetadataReader.java:56)
	... 27 common frames omitted
2026-03-06 14:56:42.778 INFO  c.g.eventos.demo.ApiApplication - Starting ApiApplication using Java 21.0.8 with PID 63908 (/Volumes/EDER_T7/Datos/DiscoD/Practicas_Proyectos/SpringBoot/GabrielChalduDevtalles/api-eventos/target/classes started by edermontiel in /Volumes/EDER_T7/Datos/DiscoD/Practicas_Proyectos/SpringBoot/GabrielChalduDevtalles/api-eventos)
2026-03-06 14:56:42.778 DEBUG c.g.eventos.demo.ApiApplication - Running with Spring Boot v3.4.3, Spring v6.2.3
2026-03-06 14:56:42.778 INFO  c.g.eventos.demo.ApiApplication - The following 1 profile is active: "dev"
2026-03-06 14:56:42.787 WARN  o.s.b.w.s.c.AnnotationConfigServletWebServerApplicationContext - Exception encountered during context initialization - cancelling refresh attempt: org.springframework.beans.factory.BeanDefinitionStoreException: Incompatible class format in file [/Volumes/EDER_T7/Datos/DiscoD/Practicas_Proyectos/SpringBoot/GabrielChalduDevtalles/api-eventos/target/classes/com/gestion/eventos/demo/service/._EventService.class]: set system property 'spring.classformat.ignore' to 'true' if you mean to ignore such files during classpath scanning
2026-03-06 14:56:42.788 ERROR o.s.boot.SpringApplication - Application run failed
org.springframework.beans.factory.BeanDefinitionStoreException: Incompatible class format in file [/Volumes/EDER_T7/Datos/DiscoD/Practicas_Proyectos/SpringBoot/GabrielChalduDevtalles/api-eventos/target/classes/com/gestion/eventos/demo/service/._EventService.class]: set system property 'spring.classformat.ignore' to 'true' if you mean to ignore such files during classpath scanning
	at org.springframework.context.annotation.ClassPathScanningCandidateComponentProvider.scanCandidateComponents(ClassPathScanningCandidateComponentProvider.java:504)
	at org.springframework.context.annotation.ClassPathScanningCandidateComponentProvider.findCandidateComponents(ClassPathScanningCandidateComponentProvider.java:351)
	at org.springframework.context.annotation.ClassPathBeanDefinitionScanner.doScan(ClassPathBeanDefinitionScanner.java:277)
	at org.springframework.context.annotation.ComponentScanAnnotationParser.parse(ComponentScanAnnotationParser.java:128)
	at org.springframework.context.annotation.ConfigurationClassParser.doProcessConfigurationClass(ConfigurationClassParser.java:332)
	at org.springframework.context.annotation.ConfigurationClassParser.processConfigurationClass(ConfigurationClassParser.java:267)
	at org.springframework.context.annotation.ConfigurationClassParser.parse(ConfigurationClassParser.java:193)
	at org.springframework.context.annotation.ConfigurationClassParser.parse(ConfigurationClassParser.java:171)
	at org.springframework.context.annotation.ConfigurationClassPostProcessor.processConfigBeanDefinitions(ConfigurationClassPostProcessor.java:418)
	at org.springframework.context.annotation.ConfigurationClassPostProcessor.postProcessBeanDefinitionRegistry(ConfigurationClassPostProcessor.java:290)
	at org.springframework.context.support.PostProcessorRegistrationDelegate.invokeBeanDefinitionRegistryPostProcessors(PostProcessorRegistrationDelegate.java:349)
	at org.springframework.context.support.PostProcessorRegistrationDelegate.invokeBeanFactoryPostProcessors(PostProcessorRegistrationDelegate.java:118)
	at org.springframework.context.support.AbstractApplicationContext.invokeBeanFactoryPostProcessors(AbstractApplicationContext.java:791)
	at org.springframework.context.support.AbstractApplicationContext.refresh(AbstractApplicationContext.java:609)
	at org.springframework.boot.web.servlet.context.ServletWebServerApplicationContext.refresh(ServletWebServerApplicationContext.java:146)
	at org.springframework.boot.SpringApplication.refresh(SpringApplication.java:752)
	at org.springframework.boot.SpringApplication.refreshContext(SpringApplication.java:439)
	at org.springframework.boot.SpringApplication.run(SpringApplication.java:318)
	at org.springframework.boot.SpringApplication.run(SpringApplication.java:1361)
	at org.springframework.boot.SpringApplication.run(SpringApplication.java:1350)
	at com.gestion.eventos.demo.ApiApplication.main(ApiApplication.java:10)
	at java.base/jdk.internal.reflect.DirectMethodHandleAccessor.invoke(DirectMethodHandleAccessor.java:103)
	at java.base/java.lang.reflect.Method.invoke(Method.java:580)
	at org.springframework.boot.devtools.restart.RestartLauncher.run(RestartLauncher.java:50)
Caused by: org.springframework.core.type.classreading.ClassFormatException: ASM ClassReader failed to parse class file - probably due to a new Java class file version that is not supported yet. Consider compiling with a lower '-target' or upgrade your framework version. Affected class: file [/Volumes/EDER_T7/Datos/DiscoD/Practicas_Proyectos/SpringBoot/GabrielChalduDevtalles/api-eventos/target/classes/com/gestion/eventos/demo/service/._EventService.class]
	at org.springframework.core.type.classreading.SimpleMetadataReader.getClassReader(SimpleMetadataReader.java:59)
	at org.springframework.core.type.classreading.SimpleMetadataReader.<init>(SimpleMetadataReader.java:48)
	at org.springframework.core.type.classreading.SimpleMetadataReaderFactory.getMetadataReader(SimpleMetadataReaderFactory.java:103)
	at org.springframework.core.type.classreading.CachingMetadataReaderFactory.getMetadataReader(CachingMetadataReaderFactory.java:122)
	at org.springframework.context.annotation.ClassPathScanningCandidateComponentProvider.scanCandidateComponents(ClassPathScanningCandidateComponentProvider.java:470)
	... 23 common frames omitted
Caused by: java.lang.IllegalArgumentException: null
	at org.springframework.asm.ClassReader.<init>(ClassReader.java:263)
	at org.springframework.asm.ClassReader.<init>(ClassReader.java:180)
	at org.springframework.asm.ClassReader.<init>(ClassReader.java:166)
	at org.springframework.asm.ClassReader.<init>(ClassReader.java:288)
	at org.springframework.core.type.classreading.SimpleMetadataReader.getClassReader(SimpleMetadataReader.java:56)
	... 27 common frames omitted
2026-03-06 14:56:48.292 INFO  c.g.eventos.demo.ApiApplication - Starting ApiApplication using Java 21.0.8 with PID 63908 (/Volumes/EDER_T7/Datos/DiscoD/Practicas_Proyectos/SpringBoot/GabrielChalduDevtalles/api-eventos/target/classes started by edermontiel in /Volumes/EDER_T7/Datos/DiscoD/Practicas_Proyectos/SpringBoot/GabrielChalduDevtalles/api-eventos)
2026-03-06 14:56:48.292 DEBUG c.g.eventos.demo.ApiApplication - Running with Spring Boot v3.4.3, Spring v6.2.3
2026-03-06 14:56:48.292 INFO  c.g.eventos.demo.ApiApplication - The following 1 profile is active: "dev"
2026-03-06 14:56:48.301 WARN  o.s.b.w.s.c.AnnotationConfigServletWebServerApplicationContext - Exception encountered during context initialization - cancelling refresh attempt: org.springframework.beans.factory.BeanDefinitionStoreException: Incompatible class format in file [/Volumes/EDER_T7/Datos/DiscoD/Practicas_Proyectos/SpringBoot/GabrielChalduDevtalles/api-eventos/target/classes/com/gestion/eventos/demo/service/._EventService.class]: set system property 'spring.classformat.ignore' to 'true' if you mean to ignore such files during classpath scanning
2026-03-06 14:56:48.302 ERROR o.s.boot.SpringApplication - Application run failed
org.springframework.beans.factory.BeanDefinitionStoreException: Incompatible class format in file [/Volumes/EDER_T7/Datos/DiscoD/Practicas_Proyectos/SpringBoot/GabrielChalduDevtalles/api-eventos/target/classes/com/gestion/eventos/demo/service/._EventService.class]: set system property 'spring.classformat.ignore' to 'true' if you mean to ignore such files during classpath scanning
	at org.springframework.context.annotation.ClassPathScanningCandidateComponentProvider.scanCandidateComponents(ClassPathScanningCandidateComponentProvider.java:504)
	at org.springframework.context.annotation.ClassPathScanningCandidateComponentProvider.findCandidateComponents(ClassPathScanningCandidateComponentProvider.java:351)
	at org.springframework.context.annotation.ClassPathBeanDefinitionScanner.doScan(ClassPathBeanDefinitionScanner.java:277)
	at org.springframework.context.annotation.ComponentScanAnnotationParser.parse(ComponentScanAnnotationParser.java:128)
	at org.springframework.context.annotation.ConfigurationClassParser.doProcessConfigurationClass(ConfigurationClassParser.java:332)
	at org.springframework.context.annotation.ConfigurationClassParser.processConfigurationClass(ConfigurationClassParser.java:267)
	at org.springframework.context.annotation.ConfigurationClassParser.parse(ConfigurationClassParser.java:193)
	at org.springframework.context.annotation.ConfigurationClassParser.parse(ConfigurationClassParser.java:171)
	at org.springframework.context.annotation.ConfigurationClassPostProcessor.processConfigBeanDefinitions(ConfigurationClassPostProcessor.java:418)
	at org.springframework.context.annotation.ConfigurationClassPostProcessor.postProcessBeanDefinitionRegistry(ConfigurationClassPostProcessor.java:290)
	at org.springframework.context.support.PostProcessorRegistrationDelegate.invokeBeanDefinitionRegistryPostProcessors(PostProcessorRegistrationDelegate.java:349)
	at org.springframework.context.support.PostProcessorRegistrationDelegate.invokeBeanFactoryPostProcessors(PostProcessorRegistrationDelegate.java:118)
	at org.springframework.context.support.AbstractApplicationContext.invokeBeanFactoryPostProcessors(AbstractApplicationContext.java:791)
	at org.springframework.context.support.AbstractApplicationContext.refresh(AbstractApplicationContext.java:609)
	at org.springframework.boot.web.servlet.context.ServletWebServerApplicationContext.refresh(ServletWebServerApplicationContext.java:146)
	at org.springframework.boot.SpringApplication.refresh(SpringApplication.java:752)
	at org.springframework.boot.SpringApplication.refreshContext(SpringApplication.java:439)
	at org.springframework.boot.SpringApplication.run(SpringApplication.java:318)
	at org.springframework.boot.SpringApplication.run(SpringApplication.java:1361)
	at org.springframework.boot.SpringApplication.run(SpringApplication.java:1350)
	at com.gestion.eventos.demo.ApiApplication.main(ApiApplication.java:10)
	at java.base/jdk.internal.reflect.DirectMethodHandleAccessor.invoke(DirectMethodHandleAccessor.java:103)
	at java.base/java.lang.reflect.Method.invoke(Method.java:580)
	at org.springframework.boot.devtools.restart.RestartLauncher.run(RestartLauncher.java:50)
Caused by: org.springframework.core.type.classreading.ClassFormatException: ASM ClassReader failed to parse class file - probably due to a new Java class file version that is not supported yet. Consider compiling with a lower '-target' or upgrade your framework version. Affected class: file [/Volumes/EDER_T7/Datos/DiscoD/Practicas_Proyectos/SpringBoot/GabrielChalduDevtalles/api-eventos/target/classes/com/gestion/eventos/demo/service/._EventService.class]
	at org.springframework.core.type.classreading.SimpleMetadataReader.getClassReader(SimpleMetadataReader.java:59)
	at org.springframework.core.type.classreading.SimpleMetadataReader.<init>(SimpleMetadataReader.java:48)
	at org.springframework.core.type.classreading.SimpleMetadataReaderFactory.getMetadataReader(SimpleMetadataReaderFactory.java:103)
	at org.springframework.core.type.classreading.CachingMetadataReaderFactory.getMetadataReader(CachingMetadataReaderFactory.java:122)
	at org.springframework.context.annotation.ClassPathScanningCandidateComponentProvider.scanCandidateComponents(ClassPathScanningCandidateComponentProvider.java:470)
	... 23 common frames omitted
Caused by: java.lang.IllegalArgumentException: null
	at org.springframework.asm.ClassReader.<init>(ClassReader.java:263)
	at org.springframework.asm.ClassReader.<init>(ClassReader.java:180)
	at org.springframework.asm.ClassReader.<init>(ClassReader.java:166)
	at org.springframework.asm.ClassReader.<init>(ClassReader.java:288)
	at org.springframework.core.type.classreading.SimpleMetadataReader.getClassReader(SimpleMetadataReader.java:56)
	... 27 common frames omitted
2026-03-06 14:56:49.751 INFO  c.g.eventos.demo.ApiApplication - Starting ApiApplication using Java 21.0.8 with PID 63908 (/Volumes/EDER_T7/Datos/DiscoD/Practicas_Proyectos/SpringBoot/GabrielChalduDevtalles/api-eventos/target/classes started by edermontiel in /Volumes/EDER_T7/Datos/DiscoD/Practicas_Proyectos/SpringBoot/GabrielChalduDevtalles/api-eventos)
2026-03-06 14:56:49.751 DEBUG c.g.eventos.demo.ApiApplication - Running with Spring Boot v3.4.3, Spring v6.2.3
2026-03-06 14:56:49.751 INFO  c.g.eventos.demo.ApiApplication - The following 1 profile is active: "dev"
2026-03-06 14:56:49.764 WARN  o.s.b.w.s.c.AnnotationConfigServletWebServerApplicationContext - Exception encountered during context initialization - cancelling refresh attempt: org.springframework.beans.factory.BeanDefinitionStoreException: Incompatible class format in file [/Volumes/EDER_T7/Datos/DiscoD/Practicas_Proyectos/SpringBoot/GabrielChalduDevtalles/api-eventos/target/classes/com/gestion/eventos/demo/service/._EventService.class]: set system property 'spring.classformat.ignore' to 'true' if you mean to ignore such files during classpath scanning
2026-03-06 14:56:49.765 ERROR o.s.boot.SpringApplication - Application run failed
org.springframework.beans.factory.BeanDefinitionStoreException: Incompatible class format in file [/Volumes/EDER_T7/Datos/DiscoD/Practicas_Proyectos/SpringBoot/GabrielChalduDevtalles/api-eventos/target/classes/com/gestion/eventos/demo/service/._EventService.class]: set system property 'spring.classformat.ignore' to 'true' if you mean to ignore such files during classpath scanning
	at org.springframework.context.annotation.ClassPathScanningCandidateComponentProvider.scanCandidateComponents(ClassPathScanningCandidateComponentProvider.java:504)
	at org.springframework.context.annotation.ClassPathScanningCandidateComponentProvider.findCandidateComponents(ClassPathScanningCandidateComponentProvider.java:351)
	at org.springframework.context.annotation.ClassPathBeanDefinitionScanner.doScan(ClassPathBeanDefinitionScanner.java:277)
	at org.springframework.context.annotation.ComponentScanAnnotationParser.parse(ComponentScanAnnotationParser.java:128)
	at org.springframework.context.annotation.ConfigurationClassParser.doProcessConfigurationClass(ConfigurationClassParser.java:332)
	at org.springframework.context.annotation.ConfigurationClassParser.processConfigurationClass(ConfigurationClassParser.java:267)
	at org.springframework.context.annotation.ConfigurationClassParser.parse(ConfigurationClassParser.java:193)
	at org.springframework.context.annotation.ConfigurationClassParser.parse(ConfigurationClassParser.java:171)
	at org.springframework.context.annotation.ConfigurationClassPostProcessor.processConfigBeanDefinitions(ConfigurationClassPostProcessor.java:418)
	at org.springframework.context.annotation.ConfigurationClassPostProcessor.postProcessBeanDefinitionRegistry(ConfigurationClassPostProcessor.java:290)
	at org.springframework.context.support.PostProcessorRegistrationDelegate.invokeBeanDefinitionRegistryPostProcessors(PostProcessorRegistrationDelegate.java:349)
	at org.springframework.context.support.PostProcessorRegistrationDelegate.invokeBeanFactoryPostProcessors(PostProcessorRegistrationDelegate.java:118)
	at org.springframework.context.support.AbstractApplicationContext.invokeBeanFactoryPostProcessors(AbstractApplicationContext.java:791)
	at org.springframework.context.support.AbstractApplicationContext.refresh(AbstractApplicationContext.java:609)
	at org.springframework.boot.web.servlet.context.ServletWebServerApplicationContext.refresh(ServletWebServerApplicationContext.java:146)
	at org.springframework.boot.SpringApplication.refresh(SpringApplication.java:752)
	at org.springframework.boot.SpringApplication.refreshContext(SpringApplication.java:439)
	at org.springframework.boot.SpringApplication.run(SpringApplication.java:318)
	at org.springframework.boot.SpringApplication.run(SpringApplication.java:1361)
	at org.springframework.boot.SpringApplication.run(SpringApplication.java:1350)
	at com.gestion.eventos.demo.ApiApplication.main(ApiApplication.java:10)
	at java.base/jdk.internal.reflect.DirectMethodHandleAccessor.invoke(DirectMethodHandleAccessor.java:103)
	at java.base/java.lang.reflect.Method.invoke(Method.java:580)
	at org.springframework.boot.devtools.restart.RestartLauncher.run(RestartLauncher.java:50)
Caused by: org.springframework.core.type.classreading.ClassFormatException: ASM ClassReader failed to parse class file - probably due to a new Java class file version that is not supported yet. Consider compiling with a lower '-target' or upgrade your framework version. Affected class: file [/Volumes/EDER_T7/Datos/DiscoD/Practicas_Proyectos/SpringBoot/GabrielChalduDevtalles/api-eventos/target/classes/com/gestion/eventos/demo/service/._EventService.class]
	at org.springframework.core.type.classreading.SimpleMetadataReader.getClassReader(SimpleMetadataReader.java:59)
	at org.springframework.core.type.classreading.SimpleMetadataReader.<init>(SimpleMetadataReader.java:48)
	at org.springframework.core.type.classreading.SimpleMetadataReaderFactory.getMetadataReader(SimpleMetadataReaderFactory.java:103)
	at org.springframework.core.type.classreading.CachingMetadataReaderFactory.getMetadataReader(CachingMetadataReaderFactory.java:122)
	at org.springframework.context.annotation.ClassPathScanningCandidateComponentProvider.scanCandidateComponents(ClassPathScanningCandidateComponentProvider.java:470)
	... 23 common frames omitted
Caused by: java.lang.IllegalArgumentException: null
	at org.springframework.asm.ClassReader.<init>(ClassReader.java:263)
	at org.springframework.asm.ClassReader.<init>(ClassReader.java:180)
	at org.springframework.asm.ClassReader.<init>(ClassReader.java:166)
	at org.springframework.asm.ClassReader.<init>(ClassReader.java:288)
	at org.springframework.core.type.classreading.SimpleMetadataReader.getClassReader(SimpleMetadataReader.java:56)
	... 27 common frames omitted
2026-03-06 14:58:50.534 INFO  o.h.validator.internal.util.Version - HV000001: Hibernate Validator 8.0.2.Final
2026-03-06 14:58:50.550 INFO  c.g.eventos.demo.ApiApplication - Starting ApiApplication using Java 21.0.8 with PID 66121 (/Volumes/EDER_T7/Datos/DiscoD/Practicas_Proyectos/SpringBoot/GabrielChalduDevtalles/api-eventos/target/classes started by edermontiel in /Volumes/EDER_T7/Datos/DiscoD/Practicas_Proyectos/SpringBoot/GabrielChalduDevtalles/api-eventos)
2026-03-06 14:58:50.550 DEBUG c.g.eventos.demo.ApiApplication - Running with Spring Boot v3.4.3, Spring v6.2.3
2026-03-06 14:58:50.551 INFO  c.g.eventos.demo.ApiApplication - The following 1 profile is active: "dev"
2026-03-06 14:58:50.563 INFO  o.s.b.d.e.DevToolsPropertyDefaultsPostProcessor - Devtools property defaults active! Set 'spring.devtools.add-properties' to 'false' to disable
2026-03-06 14:58:50.563 INFO  o.s.b.d.e.DevToolsPropertyDefaultsPostProcessor - For additional web related logging consider setting the 'logging.level.web' property to 'DEBUG'
2026-03-06 14:58:50.623 WARN  o.s.b.w.s.c.AnnotationConfigServletWebServerApplicationContext - Exception encountered during context initialization - cancelling refresh attempt: org.springframework.beans.factory.BeanDefinitionStoreException: Incompatible class format in file [/Volumes/EDER_T7/Datos/DiscoD/Practicas_Proyectos/SpringBoot/GabrielChalduDevtalles/api-eventos/target/classes/com/gestion/eventos/demo/service/._EventService.class]: set system property 'spring.classformat.ignore' to 'true' if you mean to ignore such files during classpath scanning
2026-03-06 14:58:50.678 ERROR o.s.boot.SpringApplication - Application run failed
org.springframework.beans.factory.BeanDefinitionStoreException: Incompatible class format in file [/Volumes/EDER_T7/Datos/DiscoD/Practicas_Proyectos/SpringBoot/GabrielChalduDevtalles/api-eventos/target/classes/com/gestion/eventos/demo/service/._EventService.class]: set system property 'spring.classformat.ignore' to 'true' if you mean to ignore such files during classpath scanning
	at org.springframework.context.annotation.ClassPathScanningCandidateComponentProvider.scanCandidateComponents(ClassPathScanningCandidateComponentProvider.java:504)
	at org.springframework.context.annotation.ClassPathScanningCandidateComponentProvider.findCandidateComponents(ClassPathScanningCandidateComponentProvider.java:351)
	at org.springframework.context.annotation.ClassPathBeanDefinitionScanner.doScan(ClassPathBeanDefinitionScanner.java:277)
	at org.springframework.context.annotation.ComponentScanAnnotationParser.parse(ComponentScanAnnotationParser.java:128)
	at org.springframework.context.annotation.ConfigurationClassParser.doProcessConfigurationClass(ConfigurationClassParser.java:332)
	at org.springframework.context.annotation.ConfigurationClassParser.processConfigurationClass(ConfigurationClassParser.java:267)
	at org.springframework.context.annotation.ConfigurationClassParser.parse(ConfigurationClassParser.java:193)
	at org.springframework.context.annotation.ConfigurationClassParser.parse(ConfigurationClassParser.java:171)
	at org.springframework.context.annotation.ConfigurationClassPostProcessor.processConfigBeanDefinitions(ConfigurationClassPostProcessor.java:418)
	at org.springframework.context.annotation.ConfigurationClassPostProcessor.postProcessBeanDefinitionRegistry(ConfigurationClassPostProcessor.java:290)
	at org.springframework.context.support.PostProcessorRegistrationDelegate.invokeBeanDefinitionRegistryPostProcessors(PostProcessorRegistrationDelegate.java:349)
	at org.springframework.context.support.PostProcessorRegistrationDelegate.invokeBeanFactoryPostProcessors(PostProcessorRegistrationDelegate.java:118)
	at org.springframework.context.support.AbstractApplicationContext.invokeBeanFactoryPostProcessors(AbstractApplicationContext.java:791)
	at org.springframework.context.support.AbstractApplicationContext.refresh(AbstractApplicationContext.java:609)
	at org.springframework.boot.web.servlet.context.ServletWebServerApplicationContext.refresh(ServletWebServerApplicationContext.java:146)
	at org.springframework.boot.SpringApplication.refresh(SpringApplication.java:752)
	at org.springframework.boot.SpringApplication.refreshContext(SpringApplication.java:439)
	at org.springframework.boot.SpringApplication.run(SpringApplication.java:318)
	at org.springframework.boot.SpringApplication.run(SpringApplication.java:1361)
	at org.springframework.boot.SpringApplication.run(SpringApplication.java:1350)
	at com.gestion.eventos.demo.ApiApplication.main(ApiApplication.java:10)
	at java.base/jdk.internal.reflect.DirectMethodHandleAccessor.invoke(DirectMethodHandleAccessor.java:103)
	at java.base/java.lang.reflect.Method.invoke(Method.java:580)
	at org.springframework.boot.devtools.restart.RestartLauncher.run(RestartLauncher.java:50)
Caused by: org.springframework.core.type.classreading.ClassFormatException: ASM ClassReader failed to parse class file - probably due to a new Java class file version that is not supported yet. Consider compiling with a lower '-target' or upgrade your framework version. Affected class: file [/Volumes/EDER_T7/Datos/DiscoD/Practicas_Proyectos/SpringBoot/GabrielChalduDevtalles/api-eventos/target/classes/com/gestion/eventos/demo/service/._EventService.class]
	at org.springframework.core.type.classreading.SimpleMetadataReader.getClassReader(SimpleMetadataReader.java:59)
	at org.springframework.core.type.classreading.SimpleMetadataReader.<init>(SimpleMetadataReader.java:48)
	at org.springframework.core.type.classreading.SimpleMetadataReaderFactory.getMetadataReader(SimpleMetadataReaderFactory.java:103)
	at org.springframework.core.type.classreading.CachingMetadataReaderFactory.getMetadataReader(CachingMetadataReaderFactory.java:122)
	at org.springframework.context.annotation.ClassPathScanningCandidateComponentProvider.scanCandidateComponents(ClassPathScanningCandidateComponentProvider.java:470)
	... 23 common frames omitted
Caused by: java.lang.IllegalArgumentException: null
	at org.springframework.asm.ClassReader.<init>(ClassReader.java:263)
	at org.springframework.asm.ClassReader.<init>(ClassReader.java:180)
	at org.springframework.asm.ClassReader.<init>(ClassReader.java:166)
	at org.springframework.asm.ClassReader.<init>(ClassReader.java:288)
	at org.springframework.core.type.classreading.SimpleMetadataReader.getClassReader(SimpleMetadataReader.java:56)
	... 27 common frames omitted
2026-03-06 14:59:10.702 INFO  o.h.validator.internal.util.Version - HV000001: Hibernate Validator 8.0.2.Final
2026-03-06 14:59:10.715 INFO  c.g.eventos.demo.ApiApplication - Starting ApiApplication using Java 25 with PID 66407 (/Volumes/EDER_T7/Datos/DiscoD/Practicas_Proyectos/SpringBoot/GabrielChalduDevtalles/api-eventos/target/classes started by edermontiel in /Volumes/EDER_T7/Datos/DiscoD/Practicas_Proyectos/SpringBoot/GabrielChalduDevtalles/api-eventos)
2026-03-06 14:59:10.715 DEBUG c.g.eventos.demo.ApiApplication - Running with Spring Boot v3.4.3, Spring v6.2.3
2026-03-06 14:59:10.715 INFO  c.g.eventos.demo.ApiApplication - The following 1 profile is active: "dev"
2026-03-06 14:59:10.728 INFO  o.s.b.d.e.DevToolsPropertyDefaultsPostProcessor - Devtools property defaults active! Set 'spring.devtools.add-properties' to 'false' to disable
2026-03-06 14:59:10.728 INFO  o.s.b.d.e.DevToolsPropertyDefaultsPostProcessor - For additional web related logging consider setting the 'logging.level.web' property to 'DEBUG'
2026-03-06 14:59:10.962 INFO  o.s.d.r.c.RepositoryConfigurationDelegate - Bootstrapping Spring Data JPA repositories in DEFAULT mode.
2026-03-06 14:59:11.001 INFO  o.s.d.r.c.RepositoryConfigurationDelegate - Finished Spring Data repository scanning in 35 ms. Found 5 JPA repository interfaces.
2026-03-06 14:59:11.190 INFO  o.s.b.w.e.tomcat.TomcatWebServer - Tomcat initialized with port 8080 (http)
2026-03-06 14:59:11.194 INFO  o.a.coyote.http11.Http11NioProtocol - Initializing ProtocolHandler ["http-nio-8080"]
2026-03-06 14:59:11.194 INFO  o.a.catalina.core.StandardService - Starting service [Tomcat]
2026-03-06 14:59:11.194 INFO  o.a.catalina.core.StandardEngine - Starting Servlet engine: [Apache Tomcat/10.1.36]
2026-03-06 14:59:11.206 INFO  o.a.c.c.C.[Tomcat].[localhost].[/] - Initializing Spring embedded WebApplicationContext
2026-03-06 14:59:11.207 INFO  o.s.b.w.s.c.ServletWebServerApplicationContext - Root WebApplicationContext: initialization completed in 478 ms
2026-03-06 14:59:11.262 INFO  o.h.jpa.internal.util.LogHelper - HHH000204: Processing PersistenceUnitInfo [name: default]
2026-03-06 14:59:11.277 INFO  org.hibernate.Version - HHH000412: Hibernate ORM core version 6.6.8.Final
2026-03-06 14:59:11.286 INFO  o.h.c.i.RegionFactoryInitiator - HHH000026: Second-level cache disabled
2026-03-06 14:59:11.362 INFO  o.s.o.j.p.SpringPersistenceUnitInfo - No LoadTimeWeaver setup: ignoring JPA class transformer
2026-03-06 14:59:11.370 INFO  com.zaxxer.hikari.HikariDataSource - HikariPool-1 - Starting...
2026-03-06 14:59:11.425 INFO  com.zaxxer.hikari.pool.HikariPool - HikariPool-1 - Added connection org.postgresql.jdbc.PgConnection@243462d4
2026-03-06 14:59:11.425 INFO  com.zaxxer.hikari.HikariDataSource - HikariPool-1 - Start completed.
2026-03-06 14:59:11.444 INFO  o.hibernate.orm.connections.pooling - HHH10001005: Database info:
	Database JDBC URL [Connecting through datasource 'HikariDataSource (HikariPool-1)']
	Database driver: undefined/unknown
	Database version: 16.10
	Autocommit mode: undefined/unknown
	Isolation level: undefined/unknown
	Minimum pool size: undefined/unknown
	Maximum pool size: undefined/unknown
2026-03-06 14:59:11.715 INFO  o.h.e.t.j.p.i.JtaPlatformInitiator - HHH000489: No JTA platform available (set 'hibernate.transaction.jta.platform' to enable JTA platform integration)
2026-03-06 14:59:11.870 INFO  o.s.o.j.LocalContainerEntityManagerFactoryBean - Initialized JPA EntityManagerFactory for persistence unit 'default'
2026-03-06 14:59:11.984 DEBUG c.g.e.d.s.j.JwtAuthenticationFilter - Filter 'jwtAuthenticationFilter' configured for use
2026-03-06 14:59:12.016 INFO  o.s.d.j.r.query.QueryEnhancerFactory - Hibernate is in classpath; If applicable, HQL parser will be used.
2026-03-06 14:59:12.180 INFO  o.s.s.c.a.a.c.InitializeUserDetailsBeanManagerConfigurer$InitializeUserDetailsManagerConfigurer - Global AuthenticationManager configured with UserDetailsService bean with name userDetailsServiceImpl
2026-03-06 14:59:12.218 WARN  o.s.b.a.o.j.JpaBaseConfiguration$JpaWebConfiguration - spring.jpa.open-in-view is enabled by default. Therefore, database queries may be performed during view rendering. Explicitly configure spring.jpa.open-in-view to disable this warning
2026-03-06 14:59:12.439 INFO  o.s.b.a.h.H2ConsoleAutoConfiguration - H2 console available at '/h2-console'. Database available at 'jdbc:postgresql://localhost:5432/api_eventos'
2026-03-06 14:59:12.483 INFO  o.s.b.d.a.OptionalLiveReloadServer - LiveReload server is running on port 35729
2026-03-06 14:59:12.489 INFO  o.a.coyote.http11.Http11NioProtocol - Starting ProtocolHandler ["http-nio-8080"]
2026-03-06 14:59:12.494 INFO  o.s.b.w.e.tomcat.TomcatWebServer - Tomcat started on port 8080 (http) with context path '/'
2026-03-06 14:59:12.498 INFO  c.g.eventos.demo.ApiApplication - Started ApiApplication in 1.938 seconds (process running for 2.061)
2026-03-06 14:59:24.122 INFO  o.a.c.c.C.[Tomcat].[localhost].[/] - Initializing Spring DispatcherServlet 'dispatcherServlet'
2026-03-06 14:59:24.122 INFO  o.s.web.servlet.DispatcherServlet - Initializing Servlet 'dispatcherServlet'
2026-03-06 14:59:24.123 INFO  o.s.web.servlet.DispatcherServlet - Completed initialization in 0 ms
2026-03-06 15:00:59.104 INFO  c.g.e.d.controller.EventController - Creando evento: Conferencia de Tecnología 2024
2026-03-06 15:00:59.105 DEBUG c.g.e.demo.service.EventService - Procesando save de evento en el servicio para: Conferencia de Tecnología 2024
2026-03-06 15:00:59.105 DEBUG c.g.e.demo.service.EventService - Asignando categoría con ID: 1
2026-03-06 15:00:59.109 DEBUG c.g.e.demo.service.EventService - Asignando 1 oradores al evento.
2026-03-06 15:00:59.114 WARN  o.s.w.s.m.m.a.ExceptionHandlerExceptionResolver - Resolved [com.gestion.eventos.demo.exception.ResourceNotFoundException: Ponente no encontrado con ID: 0]
2026-03-06 15:01:52.446 INFO  c.g.e.d.controller.EventController - Recibida la Solicitud GET /events con en el nombre 'null' y la paginacion 'Page request [number: 0, size 1, sort: ["string"]: ASC]'
2026-03-06 15:01:52.448 DEBUG c.g.e.demo.service.EventService - Buscando eventos en el servicio (name: 'null', pageable: Page request [number: 0, size 1, sort: ["string"]: ASC]).
2026-03-06 15:01:52.458 WARN  o.s.w.s.m.m.a.ExceptionHandlerExceptionResolver - Resolved [org.springframework.data.mapping.PropertyReferenceException: No property '["string"]' found for type 'Event']
